N  Time  average_ob  max_ob  min_ob 
10 0.000000 41.000000 45 35 
20 0.000001 181.000000 190 145 
30 0.000001 421.000000 435 399 
40 0.000002 754.000000 780 660 
50 0.000003 1192.000000 1222 1054 
60 0.000003 1721.000000 1767 1494 
70 0.000004 2375.000000 2414 2279 
80 0.000005 3107.000000 3160 2970 
90 0.000006 3957.000000 4005 3869 
100 0.000007 4889.000000 4944 4740 
110 0.000010 5915.000000 5992 5805 
120 0.000011 7089.000000 7139 7004 
130 0.000013 8224.000000 8375 8034 
140 0.000013 9586.000000 9709 9234 
150 0.000015 11089.000000 11172 10850 
160 0.000018 12586.000000 12717 12192 
170 0.000019 14195.000000 14364 13869 
180 0.000021 15923.000000 16089 15704 
190 0.000022 17745.000000 17940 17427 
200 0.000026 19824.000000 19897 19710 
210 0.000028 21763.000000 21939 21315 
220 0.000030 23949.000000 24075 23655 
230 0.000031 26210.000000 26334 25740 
240 0.000035 28567.000000 28674 28329 
250 0.000037 30919.000000 31104 30530 
260 0.000041 33510.000000 33655 33345 
270 0.000043 36006.000000 36287 35454 
280 0.000044 38835.000000 39057 38430 
290 0.000046 41687.000000 41860 41239 
300 0.000048 44662.000000 44850 44354 
310 0.000053 47643.000000 47880 47229 
320 0.000056 50870.000000 51030 50634 
330 0.000057 54101.000000 54264 53757 
340 0.000063 57270.000000 57627 56549 
350 0.000066 60634.000000 61009 59535 
360 0.000068 64228.000000 64592 63492 
370 0.000070 68121.000000 68259 67859 
380 0.000075 71725.000000 72004 71307 
390 0.000077 75417.000000 75819 74315 
400 0.000080 79602.000000 79794 78719 
410 0.000087 83565.000000 83845 83179 
420 0.000090 87665.000000 87975 87000 
430 0.000092 91459.000000 92229 88580 
440 0.000096 96291.000000 96535 95499 
450 0.000099 100723.000000 100997 99897 
460 0.000105 105201.000000 105564 103292 
470 0.000106 109895.000000 110214 109435 
480 0.000113 114705.000000 114915 113925 
490 0.000115 119266.000000 119802 118479 
500 0.000117 124059.000000 124747 121009 
510 0.000126 129069.000000 129789 127310 
520 0.000131 134487.000000 134940 133562 
530 0.000134 139594.000000 140149 138040 
540 0.000141 145145.000000 145475 144495 
550 0.000143 150634.000000 150920 149750 
560 0.000147 156152.000000 156517 154309 
570 0.000152 161678.000000 162087 161084 
580 0.000158 167502.000000 167909 166685 
590 0.000161 173294.000000 173755 172324 
600 0.000169 179172.000000 179699 178710 
610 0.000175 184903.000000 185735 183792 
620 0.000177 191029.000000 191835 189874 
630 0.000182 197436.000000 198080 196244 
640 0.000188 204013.000000 204470 203304 
650 0.000193 210375.000000 210880 209935 
660 0.000196 217187.000000 217425 216195 
670 0.000204 223321.000000 224112 221189 
680 0.000212 230472.000000 230755 230119 
690 0.000217 237310.000000 237699 236670 
700 0.000226 244195.000000 244650 243522 
710 0.000227 251236.000000 251629 249679 
720 0.000238 258330.000000 258812 256629 
730 0.000240 265818.000000 266075 265419 
740 0.000250 273063.000000 273424 272395 
750 0.000254 280160.000000 280739 277715 
760 0.000261 287427.000000 288410 285017 
770 0.000262 294755.000000 296037 291214 
780 0.000270 303398.000000 303782 302634 
790 0.000276 310951.000000 311589 309309 
800 0.000287 319081.000000 319599 318060 
810 0.000294 326888.000000 327639 325017 
820 0.000301 335043.000000 335787 333960 
830 0.000305 343129.000000 344029 341185 
840 0.000312 351846.000000 352377 350840 
850 0.000321 359868.000000 360810 358614 
860 0.000324 368655.000000 369325 367290 
870 0.000330 377225.000000 377979 375870 
880 0.000341 386029.000000 386754 384275 
890 0.000347 395058.000000 395584 393894 
900 0.000354 404006.000000 404472 403325 
910 0.000362 413222.000000 413550 412110 
920 0.000369 421583.000000 422739 419500 
930 0.000382 431214.000000 431930 429059 
940 0.000384 440531.000000 441302 439314 
950 0.000392 450138.000000 450754 447535 
960 0.000397 458863.000000 459914 455469 
970 0.000411 469304.000000 469755 468740 
980 0.000418 479013.000000 479689 477630 
990 0.000425 488553.000000 489477 486854 
1000 0.000432 498468.000000 499422 496260 
1010 0.000438 508601.000000 509530 505450 
1020 0.000447 519013.000000 519684 517737 
1030 0.000452 528871.000000 529844 524885 
1040 0.000463 539585.000000 540144 538627 
1050 0.000477 549952.000000 550704 548169 
1060 0.000479 560703.000000 561260 559944 
1070 0.000492 571246.000000 571779 570375 
1080 0.000501 581527.000000 582657 579657 
1090 0.000510 591742.000000 593274 589677 
1100 0.000518 603684.000000 604429 603072 
1110 0.000528 614395.000000 615117 613080 
1120 0.000535 625308.000000 626504 621789 
1130 0.000544 636443.000000 637840 633969 
1140 0.000555 648120.000000 649220 643125 
1150 0.000563 659814.000000 660672 657515 
1160 0.000572 671348.000000 672049 669942 
1170 0.000580 682916.000000 683787 680462 
1180 0.000589 694898.000000 695565 693657 
1190 0.000601 706157.000000 707104 702990 
1200 0.000613 718238.000000 719210 716625 
1210 0.000621 730994.000000 731367 730542 
1220 0.000628 742367.000000 743589 740020 
1230 0.000638 754432.000000 755757 752754 
1240 0.000647 767094.000000 768027 764859 
1250 0.000664 780087.000000 780604 778795 
1260 0.000669 792796.000000 793164 791994 
1270 0.000685 804801.000000 805794 802655 
1280 0.000694 817586.000000 818494 815634 
1290 0.000700 830402.000000 831339 828165 
1300 0.000708 842793.000000 844119 840434 
1310 0.000721 856548.000000 857367 854620 
1320 0.000731 869139.000000 870462 866712 
1330 0.000752 882557.000000 883649 880782 
1340 0.000755 896138.000000 897130 893560 
1350 0.000765 908967.000000 910484 906297 
1360 0.000780 923230.000000 924110 922409 
1370 0.000785 936645.000000 937729 935812 
1380 0.000799 950339.000000 951432 946757 
1390 0.000813 963598.000000 965264 959360 
1400 0.000822 978189.000000 979180 975295 
1410 0.000833 991212.000000 992120 989604 
1420 0.000850 1006297.000000 1007300 1005075 
1430 0.000862 1021213.000000 1021735 1018732 
1440 0.000879 1034782.000000 1036002 1032510 
1450 0.000890 1049378.000000 1050459 1046870 
1460 0.000891 1063518.000000 1065055 1060219 
1470 0.000898 1078885.000000 1079709 1077437 
1480 0.000916 1093085.000000 1094207 1090719 
1490 0.000922 1107691.000000 1109269 1105564 
1500 0.000939 1122684.000000 1124130 1119785 
1510 0.000946 1137561.000000 1138995 1134924 
1520 0.000962 1152493.000000 1154230 1150254 
1530 0.000976 1167973.000000 1169495 1165407 
1540 0.000986 1183511.000000 1184777 1180470 
1550 0.000999 1198348.000000 1199947 1196104 
1560 0.001009 1214892.000000 1215867 1212450 
1570 0.001022 1230979.000000 1231610 1229387 
1580 0.001033 1246025.000000 1247290 1242360 
1590 0.001044 1261519.000000 1262820 1256352 
1600 0.001058 1277754.000000 1279145 1273529 
1610 0.001068 1294354.000000 1295190 1292395 
1620 0.001090 1309949.000000 1311335 1308069 
1630 0.001100 1326653.000000 1327530 1323980 
1640 0.001111 1343137.000000 1343875 1342150 
1650 0.001122 1359287.000000 1360254 1355769 
1660 0.001138 1376169.000000 1376904 1374342 
1670 0.001148 1391956.000000 1393290 1387837 
1680 0.001175 1408742.000000 1410107 1404255 
1690 0.001181 1425932.000000 1427150 1423377 
1700 0.001202 1443753.000000 1444072 1443370 
1710 0.001221 1459166.000000 1460964 1454979 
1720 0.001222 1476708.000000 1477989 1476195 
1730 0.001232 1493471.000000 1495494 1488082 
1740 0.001262 1510734.000000 1512495 1506489 
1750 0.001265 1528624.000000 1530284 1525815 
1760 0.001279 1546440.000000 1547710 1543734 
1770 0.001296 1563146.000000 1565159 1559349 
1780 0.001308 1581275.000000 1583295 1576407 
1790 0.001319 1599476.000000 1601127 1597834 
1800 0.001341 1617932.000000 1618890 1615779 
1810 0.001342 1635627.000000 1636974 1628367 
1820 0.001366 1653111.000000 1655059 1649512 
1830 0.001386 1672226.000000 1673480 1669530 
1840 0.001390 1689523.000000 1691859 1685775 
1850 0.001409 1708835.000000 1710234 1705375 
1860 0.001429 1727674.000000 1728849 1725384 
1870 0.001444 1746411.000000 1747512 1744355 
1880 0.001451 1764872.000000 1766194 1762165 
1890 0.001466 1783607.000000 1784985 1780734 
1900 0.001488 1802419.000000 1803959 1800309 
1910 0.001489 1821575.000000 1823074 1816540 
1920 0.001517 1841077.000000 1842135 1837680 
1930 0.001531 1859551.000000 1861464 1854699 
1940 0.001546 1878297.000000 1880505 1873809 
1950 0.001565 1898863.000000 1900274 1895522 
1960 0.001566 1918120.000000 1919610 1916580 
1970 0.001586 1938506.000000 1939450 1936225 
1980 0.001601 1957078.000000 1959204 1947120 
1990 0.001618 1977471.000000 1979040 1974960 
2000 0.001638 1997385.000000 1998895 1995919 
2010 0.001657 2017706.000000 2019030 2015642 
2020 0.001669 2036492.000000 2039000 2028164 
2030 0.001683 2058268.000000 2059135 2055865 
2040 0.001700 2079007.000000 2079777 2078295 
2050 0.001725 2098147.000000 2100215 2093322 
2060 0.001739 2118438.000000 2120419 2113510 
2070 0.001755 2139572.000000 2141412 2134155 
2080 0.001768 2160708.000000 2161989 2159157 
2090 0.001799 2180933.000000 2182705 2177119 
2100 0.001804 2201778.000000 2203922 2197280 
2110 0.001828 2222724.000000 2224959 2216610 
2120 0.001825 2243527.000000 2246137 2237755 
2130 0.001863 2264813.000000 2267154 2259257 
2140 0.001872 2286522.000000 2288379 2279952 
2150 0.001882 2307765.000000 2309824 2303620 
2160 0.001893 2328729.000000 2331549 2323464 
2170 0.001928 2351495.000000 2353329 2347479 
2180 0.001927 2373558.000000 2375100 2371540 
2190 0.001958 2393950.000000 2396919 2387364 
2200 0.001974 2417381.000000 2418669 2415579 
2210 0.001984 2439216.000000 2440917 2436759 
2220 0.001995 2462198.000000 2462814 2461260 
2230 0.002048 2483787.000000 2485335 2480964 
2240 0.002064 2504664.000000 2507245 2499679 
2250 0.002066 2528137.000000 2530080 2521610 
2260 0.002076 2550742.000000 2552649 2547519 
2270 0.002091 2573751.000000 2575305 2569750 
2280 0.002099 2593252.000000 2597394 2588190 
2290 0.002127 2619568.000000 2620652 2618277 
2300 0.002171 2641595.000000 2643619 2638179 
2310 0.002187 2664575.000000 2666804 2661539 
2320 0.002202 2687661.000000 2690025 2683824 
2330 0.002201 2711660.000000 2713230 2709369 
2340 0.002234 2735153.000000 2736615 2732802 
2350 0.002254 2758962.000000 2759955 2757519 
2360 0.002281 2779700.000000 2783295 2772144 
2370 0.002305 2805146.000000 2807187 2802512 
2380 0.002312 2828165.000000 2829929 2824224 
2390 0.002325 2853887.000000 2854735 2852902 
2400 0.002337 2876635.000000 2878547 2873235 
2410 0.002359 2901266.000000 2902830 2897385 
2420 0.002384 2924931.000000 2926800 2920087 
2430 0.002391 2948080.000000 2951064 2936184 
2440 0.002420 2973690.000000 2975525 2969585 
2450 0.002430 2997012.000000 2999725 2991247 
2460 0.002456 3022618.000000 3023904 3020292 
2470 0.002484 3046700.000000 3048984 3040569 
2480 0.002497 3071815.000000 3073915 3065182 
2490 0.002535 3095902.000000 3098634 3093134 
2500 0.002545 3120856.000000 3123474 3116490 
2510 0.002563 3146037.000000 3148417 3140539 
2520 0.002608 3172183.000000 3173930 3169089 
2530 0.003771 3195991.000000 3198590 3186939 
2540 0.002917 3223009.000000 3224452 3221127 
2550 0.002584 3246113.000000 3249930 3236114 
2560 0.002592 3274016.000000 3275267 3270470 
2570 0.002631 3299104.000000 3301029 3291295 
2580 0.002744 3325209.000000 3326739 3323082 
2590 0.002702 3350387.000000 3352479 3346314 
2600 0.002638 3375604.000000 3378564 3371440 
2610 0.002634 3402125.000000 3404367 3393867 
2620 0.002741 3427953.000000 3430812 3421299 
2630 0.002769 3454656.000000 3455959 3451984 
2640 0.002792 3482034.000000 3483414 3479015 
2650 0.002749 3507401.000000 3509519 3503709 
2660 0.002828 3534685.000000 3536317 3532465 
2670 0.002856 3561304.000000 3563024 3558065 
2680 0.002875 3587230.000000 3589854 3583865 
2690 0.002904 3614250.000000 3616569 3611755 
2700 0.002929 3640869.000000 3643479 3637872 
2710 0.002941 3668183.000000 3670629 3661917 
2720 0.002968 3696267.000000 3697609 3693654 
2730 0.002993 3720509.000000 3724932 3711224 
2740 0.002987 3749779.000000 3752154 3744429 
2750 0.003042 3777703.000000 3779797 3773434 
2760 0.003043 3804360.000000 3806825 3792195 
2770 0.003063 3831576.000000 3834740 3823890 
2780 0.003076 3860851.000000 3862807 3851932 
2790 0.003119 3888748.000000 3890220 3885402 
2800 0.003155 3916394.000000 3918410 3912272 
2810 0.003143 3942762.000000 3946117 3934864 
2820 0.003180 3972476.000000 3974294 3969639 
2830 0.003189 4000302.000000 4002864 3993024 
2840 0.003218 4028813.000000 4030155 4024359 
2850 0.003239 4056329.000000 4059360 4051569 
2860 0.003276 4087057.000000 4088304 4083420 
2870 0.003283 4115584.000000 4116879 4113612 
2880 0.003309 4143715.000000 4145705 4138857 
2890 0.003332 4171639.000000 4174395 4167224 
2900 0.003363 4200373.000000 4202955 4195422 
2910 0.003380 4230199.000000 4232567 4224969 
2920 0.003391 4259587.000000 4261569 4255299 
2930 0.003425 4287178.000000 4290970 4279204 
2940 0.003441 4317872.000000 4320302 4315280 
2950 0.003461 4347198.000000 4349760 4343220 
2960 0.003471 4376601.000000 4379167 4371445 
2970 0.003539 4406473.000000 4408920 4402295 
2980 0.003536 4434048.000000 4438149 4421874 
2990 0.003561 4463389.000000 4467427 4449445 
3000 0.003601 4493779.000000 4498065 4482390 
3010 0.003598 4525537.000000 4528490 4517814 
3020 0.003640 4555144.000000 4558390 4548960 
3030 0.003678 4584115.000000 4587945 4578924 
3040 0.003676 4616161.000000 4618980 4612140 
3050 0.003709 4646318.000000 4648984 4641975 
3060 0.003732 4676826.000000 4679490 4674492 
3070 0.003746 4707324.000000 4710860 4701870 
3080 0.003783 4737156.000000 4741384 4730335 
3090 0.003818 4768121.000000 4772040 4758810 
3100 0.003832 4800187.000000 4802985 4794672 
3110 0.003863 4832105.000000 4834494 4827114 
3120 0.003880 4862842.000000 4865637 4860180 
3130 0.003906 4895002.000000 4896585 4890557 
3140 0.003949 4924201.000000 4928220 4920604 
3150 0.003940 4956241.000000 4959639 4946472 
3160 0.003979 4987779.000000 4991049 4983092 
3170 0.004006 5020347.000000 5022729 5011987 
3180 0.004033 5050867.000000 5053907 5044314 
3190 0.004058 5083720.000000 5086410 5080127 
3200 0.004080 5115112.000000 5118280 5108947 
3210 0.004107 5147927.000000 5150409 5141930 
3220 0.004116 5180348.000000 5182419 5174840 
3230 0.004138 5211674.000000 5214730 5204395 
3240 0.004194 5244771.000000 5247009 5238534 
3250 0.004206 5276847.000000 5279435 5272485 
3260 0.004220 5309069.000000 5312169 5299767 
3270 0.004262 5341383.000000 5344644 5335499 
3280 0.004276 5374792.000000 5377284 5369045 
3290 0.004305 5407899.000000 5410080 5403850 
3300 0.004339 5440706.000000 5443272 5430147 
3310 0.004360 5473896.000000 5476290 5470179 
3320 0.004373 5507012.000000 5509449 5503212 
3330 0.004422 5539246.000000 5542119 5534529 
3340 0.004439 5572773.000000 5575899 5566814 
3350 0.004461 5607235.000000 5609569 5603797 
3360 0.004505 5638481.000000 5642217 5634209 
3370 0.004512 5674316.000000 5676629 5671305 
3380 0.004546 5708284.000000 5710185 5704624 
3390 0.004553 5739820.000000 5744184 5730825 
3400 0.004612 5774391.000000 5777480 5771514 
3410 0.004636 5807787.000000 5811849 5799784 
3420 0.004666 5843959.000000 5846190 5839935 
3430 0.004696 5878420.000000 5880105 5876175 
3440 0.004723 5911665.000000 5914702 5898609 
3450 0.004720 5946239.000000 5949294 5933772 
3460 0.004809 5979852.000000 5983860 5967234 
3470 0.004839 6015743.000000 6017490 6012387 
3480 0.004855 6049291.000000 6053307 6036807 
3490 0.004880 6084745.000000 6087639 6081284 
3500 0.004908 6120997.000000 6122950 6116347 
3510 0.004950 6156181.000000 6157830 6152939 
3520 0.005005 6190516.000000 6192944 6183849 
3530 0.005004 6226446.000000 6228279 6221664 
3540 0.005021 6260874.000000 6264029 6254019 
3550 0.005044 6295851.000000 6299124 6288449 
3560 0.005064 6332033.000000 6334614 6324435 
3570 0.005103 6367642.000000 6370104 6357624 
3580 0.005140 6403005.000000 6404757 6399389 
3590 0.005171 6437998.000000 6442252 6430779 
3600 0.005191 6475904.000000 6478122 6472422 
3610 0.005225 6510983.000000 6514179 6507105 
3620 0.005261 6548783.000000 6550335 6544504 
3630 0.005288 6582719.000000 6586200 6567720 
3640 0.005331 6619793.000000 6622827 6617094 
3650 0.005327 6657002.000000 6659125 6653965 
3660 0.005367 6693729.000000 6695879 6690192 
3670 0.005407 6727853.000000 6732462 6714087 
3680 0.005419 6765646.000000 6769332 6755332 
3690 0.005432 6801108.000000 6806184 6793164 
3700 0.005469 6839004.000000 6842204 6832272 
3710 0.005501 6876341.000000 6879334 6864085 
3720 0.005535 6913302.000000 6917150 6909084 
3730 0.005557 6951408.000000 6954570 6943410 
3740 0.005610 6990091.000000 6991902 6986574 
3750 0.005589 7026857.000000 7029222 7016814 
3760 0.005640 7062490.000000 7066667 7049342 
3770 0.005659 7101328.000000 7104214 7098010 
3780 0.005667 7137842.000000 7141134 7134560 
3790 0.005696 7174644.000000 7180019 7165277 
3800 0.005728 7214411.000000 7217665 7206319 
3810 0.005757 7251038.000000 7255155 7241780 
3820 0.005813 7290535.000000 7293990 7284137 
3830 0.005856 7327354.000000 7332415 7317657 
3840 0.005847 7368124.000000 7370415 7358160 
3850 0.005899 7404837.000000 7409247 7394100 
3860 0.005913 7442536.000000 7447519 7438554 
3870 0.005985 7482071.000000 7485987 7478765 
3880 0.005999 7521979.000000 7525007 7516215 
3890 0.006026 7560015.000000 7563985 7555194 
3900 0.006050 7597415.000000 7602585 7592172 
3910 0.006066 7636632.000000 7641500 7631217 
3920 0.006101 7678273.000000 7681104 7673859 
3930 0.006162 7717641.000000 7720482 7713225 
3940 0.006201 7756585.000000 7759010 7751829 
3950 0.006213 7795396.000000 7798645 7788979 
3960 0.006236 7835124.000000 7837785 7830042 
3970 0.006268 7874373.000000 7877870 7867734 
3980 0.006296 7914979.000000 7917507 7906582 
3990 0.006338 7954483.000000 7957755 7951385 
4000 0.006379 7992740.000000 7997724 7982247 
4010 0.006404 8032873.000000 8037379 8024679 
4020 0.006438 8075611.000000 8078037 8071862 
4030 0.006474 8112938.000000 8117840 8104574 
4040 0.006492 8155808.000000 8158455 8152894 
4050 0.006527 8194565.000000 8198760 8183472 
4060 0.006531 8236883.000000 8239029 8234099 
4070 0.006593 8275766.000000 8280162 8266219 
4080 0.006623 8317252.000000 8321115 8310282 
4090 0.006654 8359474.000000 8361477 8352825 
4100 0.006668 8396447.000000 8402674 8381835 
4110 0.006725 8440769.000000 8443670 8432214 
4120 0.006766 8480659.000000 8485020 8471610 
4130 0.006750 8520959.000000 8526357 8498419 
4140 0.006844 8563201.000000 8567540 8553195 
4150 0.006865 8605780.000000 8608965 8599995 
4160 0.006859 8645934.000000 8649067 8641540 
4170 0.006891 8690702.000000 8692287 8685225 
4180 0.006975 8730159.000000 8733834 8716532 
4190 0.007020 8772282.000000 8775679 8767177 
4200 0.007024 8814513.000000 8817080 8811795 
4210 0.006869 8855683.000000 8859539 8850629 
4220 0.006660 8899092.000000 8901529 8893834 
4230 0.006633 8939653.000000 8944082 8919359 
4240 0.006667 8980173.000000 8986575 8972985 
4250 0.006680 9024293.000000 9028774 9019672 
4260 0.006694 9069521.000000 9071625 9066105 
4270 0.006713 9108540.000000 9113880 9100119 
4280 0.006750 9153704.000000 9156625 9151600 
4290 0.006777 9196598.000000 9199605 9190175 
4300 0.006793 9239166.000000 9242354 9232410 
4310 0.006807 9282259.000000 9284992 9274869 
4320 0.006862 9323822.000000 9328634 9311835 
4330 0.006876 9367600.000000 9371985 9360039 
4340 0.006903 9412713.000000 9415609 9408960 
4350 0.006907 9454728.000000 9458984 9445872 
4360 0.007008 9499305.000000 9502610 9494105 
4370 0.007083 9543655.000000 9545940 9538639 
4380 0.007066 9587237.000000 9589944 9583224 
4390 0.007107 9628407.000000 9633819 9617202 
4400 0.007085 9671987.000000 9677629 9656890 
4410 0.007133 9716992.000000 9720249 9706794 
4420 0.007180 9759242.000000 9765780 9745284 
4430 0.007213 9806843.000000 9810004 9797194 
4440 0.007247 9852166.000000 9853839 9845934 
4450 0.007218 9893028.000000 9898997 9879125 
4460 0.007289 9937727.000000 9941617 9931009 
4470 0.007332 9986390.000000 9988095 9980712 
4480 0.007299 10029880.000000 10032582 10022082 
4490 0.007299 10075099.000000 10077784 10070545 
4500 0.007334 10115068.000000 10121210 10099745 
4510 0.007353 10161640.000000 10167267 10152744 
4520 0.007346 10209119.000000 10212937 10203349 
4530 0.007420 10253105.000000 10257104 10246860 
4540 0.007443 10300930.000000 10303475 10295904 
4550 0.007483 10345816.000000 10348839 10337040 
4560 0.007627 10391165.000000 10394454 10386005 
4570 0.007643 10437193.000000 10439700 10434809 
4580 0.007649 10484254.000000 10485895 10479240 
4590 0.007610 10528961.000000 10531290 10520580 
4600 0.007736 10575648.000000 10577664 10573514 
4610 0.007715 10621244.000000 10623184 10616242 
4620 0.007751 10665452.000000 10669329 10661244 
4630 0.007823 10709108.000000 10716044 10693980 
4640 0.007883 10757534.000000 10762425 10741774 
4650 0.007921 10803560.000000 10807440 10798629 
4660 0.007966 10848772.000000 10855280 10840764 
4670 0.007999 10899396.000000 10901449 10889235 
4680 0.008060 10941840.000000 10948769 10935330 
4690 0.008044 10991325.000000 10995552 10985265 
4700 0.008105 11039544.000000 11042185 11035390 
4710 0.008102 11084484.000000 11088470 11078817 
4720 0.008156 11132261.000000 11136650 11125059 
4730 0.008176 11180202.000000 11183895 11170390 
4740 0.008219 11227229.000000 11231154 11221700 
4750 0.008254 11276660.000000 11278820 11272659 
4760 0.008309 11321600.000000 11324275 11312392 
4770 0.008323 11372467.000000 11374050 11370495 
4780 0.008335 11415582.000000 11421180 11409720 
4790 0.008368 11466252.000000 11469589 11460744 
4800 0.008413 11512685.000000 11516820 11503572 
4810 0.008442 11560499.000000 11565617 11545545 
4820 0.008501 11609608.000000 11613699 11601700 
4830 0.008542 11655122.000000 11661944 11646104 
4840 0.008612 11705587.000000 11709750 11697339 
4850 0.010351 11750548.000000 11758720 11726694 
4860 0.008654 11802584.000000 11807279 11795894 
4870 0.008575 11852147.000000 11855960 11839544 
4880 0.008599 11902083.000000 11904669 11900389 
4890 0.008792 11946828.000000 11953584 11933705 
4900 0.008907 11995158.000000 12001847 11965965 
4910 0.008930 12044916.000000 12050692 12032092 
4920 0.008791 12094560.000000 12100569 12084269 
4930 0.008814 12143720.000000 12149832 12122019 
4940 0.008853 12196347.000000 12198154 12193114 
4950 0.008862 12244087.000000 12248670 12237450 
4960 0.008900 12293691.000000 12296835 12289275 
4970 0.009246 12346368.000000 12347937 12344049 
4980 0.009239 12394209.000000 12397665 12383345 
4990 0.009119 12444471.000000 12447384 12440295 
5000 0.009033 12491268.000000 12497122 12463830 
5010 0.009108 12542911.000000 12546765 12535299 
5020 0.009207 12591347.000000 12597624 12575745 
5030 0.009279 12642441.000000 12646224 12626199 
5040 0.009306 12690007.000000 12696627 12682527 
5050 0.009388 12743758.000000 12747945 12735195 
5060 0.009391 12795020.000000 12798142 12788095 
5070 0.009396 12844902.000000 12849615 12833262 
5080 0.009429 12894576.000000 12898890 12888414 
5090 0.009514 12943828.000000 12951295 12927852 
5100 0.009488 13000002.000000 13002345 12997400 
5110 0.009402 13049362.000000 13053089 13042617 
5120 0.009438 13099368.000000 13101790 13093614 
5130 0.009450 13149380.000000 13155290 13136775 
5140 0.009507 13201502.000000 13206410 13186929 
5150 0.009520 13255345.000000 13258570 13245634 
5160 0.009816 13303787.000000 13308624 13296854 
5170 0.009756 13358321.000000 13361729 13343720 
5180 0.009819 13408182.000000 13413474 13402285 
5190 0.009853 13458794.000000 13464752 13451925 
5200 0.009912 13512197.000000 13517345 13500747 
5210 0.010019 13562040.000000 13568704 13552240 
5220 0.009846 13614387.000000 13618815 13607562 
5230 0.009961 13667043.000000 13673769 13655307 
5240 0.010565 13718110.000000 13726044 13691989 
5250 0.009947 13775144.000000 13778624 13768614 
5260 0.010225 13826867.000000 13830764 13817142 
5270 0.010058 13880058.000000 13883035 13867525 
5280 0.010110 13933212.000000 13936329 13929539 
5290 0.010216 13985586.000000 13989129 13978379 
5300 0.010310 14037652.000000 14041684 14031619 
5310 0.010308 14091733.000000 14095205 14086880 
5320 0.010394 14143318.000000 14147910 14135979 
5330 0.010427 14197158.000000 14201460 14190460 
5340 0.010495 14250403.000000 14254095 14243955 
5350 0.010517 14301611.000000 14308574 14276697 
5360 0.010536 14355563.000000 14361910 14341617 
5370 0.010630 14408905.000000 14415135 14397237 
5380 0.010525 14463335.000000 14468807 14457729 
5390 0.010680 14518917.000000 14522080 14514577 
5400 0.010692 14572244.000000 14577195 14564897 
5410 0.010753 14622897.000000 14630525 14596365 
5420 0.010736 14682761.000000 14684929 14678109 
5430 0.010819 14734759.000000 14739582 14727954 
5440 0.010804 14788511.000000 14793729 14774180 
5450 0.010734 14844395.000000 14847250 14834329 
5460 0.010771 14898089.000000 14901359 14892917 
5470 0.010772 14950742.000000 14957085 14944835 
5480 0.011124 15007815.000000 15012207 15001582 
5490 0.010970 15059901.000000 15066525 15048195 
5500 0.011163 15119125.000000 15121872 15115347 
5510 0.011049 15173936.000000 15177019 15167565 
5520 0.011180 15225796.000000 15232304 15207687 
5530 0.011228 15282538.000000 15286739 15275750 
5540 0.011215 15339374.000000 15343024 15334384 
5550 0.011350 15396278.000000 15398199 15390347 
5560 0.011289 15446714.000000 15453915 15425817 
5570 0.011394 15504795.000000 15509287 15495300 
5580 0.011499 15561585.000000 15565085 15556764 
5590 0.011315 15615254.000000 15621135 15601949 
5600 0.011285 15669569.000000 15674644 15663834 
5610 0.011352 15729625.000000 15733200 15724200 
5620 0.011367 15784204.000000 15788529 15776670 
5630 0.011451 15839204.000000 15845382 15824725 
5640 0.011528 15898639.000000 15901827 15894105 
5650 0.011504 15954481.000000 15957864 15947399 
5660 0.011542 16009151.000000 16014960 15985324 
5670 0.011579 16068623.000000 16071549 16062570 
5680 0.011619 16121939.000000 16127954 16107857 
5690 0.012847 16180496.000000 16184929 16170327 
5700 0.012847 16236036.000000 16241825 16222050 
5710 0.012955 16295963.000000 16298760 16290810 
5720 0.013035 16348811.000000 16354687 16338574 
5730 0.013044 16407815.000000 16413480 16386324 
5740 0.013138 16467152.000000 16470369 16461614 
5750 0.013140 16523394.000000 16527940 16516594 
5760 0.013156 16579433.000000 16584885 16568154 
5770 0.013223 16639730.000000 16643130 16630362 
5780 0.013280 16698327.000000 16700035 16693182 
5790 0.013316 16749574.000000 16758594 16721480 
5800 0.013354 16814205.000000 16817009 16806947 
5810 0.013409 16871458.000000 16874992 16861450 
5820 0.013495 16924211.000000 16933254 16904849 
5830 0.013468 16987380.000000 16990500 16983020 
5840 0.013541 17045990.000000 17048752 17039149 
5850 0.013588 17101822.000000 17108205 17081760 
5860 0.013640 17162879.000000 17166519 17154780 
5870 0.013683 17221249.000000 17224612 17213580 
5880 0.013698 17278259.000000 17283909 17271057 
5890 0.013738 17339041.000000 17343105 17330859 
5900 0.013847 17396408.000000 17401522 17382744 
5910 0.013854 17455300.000000 17461094 17444442 
5920 0.013880 17515759.000000 17519805 17507520 
5930 0.014017 17575315.000000 17579020 17570707 
5940 0.015686 17631022.000000 17638395 17608695 
5950 0.014105 17694459.000000 17697810 17691135 
5960 0.014186 17751460.000000 17757792 17724924 
5970 0.014175 17813474.000000 17817059 17808554 
5980 0.014165 17869635.000000 17877155 17845079 
5990 0.014221 17930818.000000 17936704 17915940 
6000 0.014271 17992750.000000 17996724 17985219 
6010 0.014362 18050879.000000 18056967 18042510 
6020 0.014398 18110437.000000 18116487 18103329 
6030 0.014363 18172628.000000 18176354 18170054 
6040 0.014450 18234049.000000 18237660 18223919 
6050 0.014538 18293246.000000 18297994 18284695 
6060 0.014590 18352873.000000 18358665 18341750 
6070 0.014599 18415916.000000 18419310 18409119 
6080 0.014666 18473340.000000 18478935 18459859 
6090 0.014769 18534607.000000 18540939 18528759 
6100 0.014772 18594649.000000 18601599 18584184 
6110 0.014912 18659495.000000 18662940 18650905 
6120 0.014910 18715182.000000 18722709 18695699 
6130 0.015042 18779839.000000 18784824 18773295 
6140 0.015051 18840878.000000 18846454 18825820 
6150 0.015086 18904355.000000 18908070 18891885 
6160 0.015131 18961669.000000 18969675 18941990 
6170 0.015213 19025562.000000 19030959 19016140 
6180 0.015289 19085576.000000 19091514 19077179 
6190 0.015206 19149615.000000 19154655 19142075 
6200 0.015994 19206850.000000 19213414 19199695 
6210 0.015367 19273773.000000 19278935 19267317 
6220 0.015324 19336358.000000 19340970 19329915 
6230 0.015460 19398038.000000 19403334 19384999 
6240 0.015455 19458761.000000 19465575 19443735 
6250 0.015533 19518987.000000 19526850 19498235 
6260 0.015623 19583617.000000 19590174 19569142 
6270 0.015580 19649095.000000 19652325 19646529 
6280 0.015646 19708004.000000 19715829 19690635 
6290 0.015652 19768519.000000 19778629 19754595 
6300 0.015692 19836485.000000 19840722 19820322 
6310 0.015811 19897488.000000 19904192 19880585 
6320 0.015828 19958776.000000 19967299 19947537 
6330 0.015895 20025616.000000 20031207 20020259 
6340 0.016001 20088559.000000 20094377 20079752 
6350 0.016025 20153246.000000 20156422 20147197 
6360 0.016018 20211860.000000 20220674 20190992 
6370 0.020067 20281222.000000 20284562 20275254 
6380 0.016626 20344464.000000 20348734 20334982 
6390 0.016594 20407417.000000 20412327 20397630 
6400 0.016663 20471960.000000 20476629 20455479 
6410 0.016740 20534335.000000 20539899 20510710 
6420 0.016806 20594541.000000 20602434 20569212 
6430 0.016784 20661460.000000 20667405 20652582 
6440 0.016710 20726841.000000 20731927 20713480 
6450 0.016639 20793627.000000 20797959 20782974 
6460 0.016606 20850201.000000 20862009 20825169 
6470 0.016721 20921254.000000 20927005 20911815 
6480 0.016737 20986024.000000 20991882 20975307 
6490 0.016804 21051061.000000 21056552 21035069 
6500 0.016800 21114940.000000 21121560 21100014 
6510 0.016860 21178666.000000 21185417 21167880 
6520 0.017041 21247221.000000 21251895 21234549 
6530 0.017216 21310418.000000 21317140 21300714 
6540 0.017330 21375219.000000 21382034 21368669 
6550 0.017090 21441281.000000 21447870 21432222 
6560 0.017083 21506557.000000 21513492 21495375 
6570 0.017106 21572948.000000 21579099 21563412 
6580 0.017212 21637707.000000 21644475 21621257 
6590 0.017203 21706409.000000 21710455 21697875 
6600 0.017216 21770372.000000 21775920 21748734 
6610 0.017332 21833444.000000 21842535 21818655 
6620 0.017465 21902864.000000 21908224 21897109 
6630 0.017575 21970222.000000 21973757 21957557 
6640 0.017506 22035240.000000 22041435 22024644 
6650 0.017578 22097940.000000 22106700 22080664 
6660 0.017889 22165700.000000 22172874 22151465 
6670 0.017684 22231465.000000 22238559 22214550 
6680 0.017668 22296364.000000 22305969 22281754 
6690 0.019355 22366112.000000 22374690 22349505 
6700 0.017863 22433890.000000 22441325 22425897 
6710 0.017931 22503774.000000 22508542 22489192 
6720 0.017857 22569771.000000 22574850 22556730 
6730 0.017923 22636467.000000 22642557 22626795 
6740 0.018023 22704501.000000 22708777 22692664 
6750 0.018148 22770363.000000 22777599 22748714 
6760 0.018094 22837498.000000 22844717 22829844 
6770 0.018204 22909164.000000 22912855 22902625 
6780 0.020625 22972812.000000 22979682 22965759 
6790 0.018350 23045898.000000 23048610 23037027 
6800 0.018388 23110683.000000 23116072 23090265 
6810 0.019749 23178343.000000 23183420 23167254 
6820 0.018544 23247282.000000 23252262 23221914 
6830 0.018516 23314973.000000 23320845 23303644 
6840 0.018545 23377986.000000 23386299 23358504 
6850 0.018642 23452104.000000 23457419 23438124 
6860 0.018703 23518873.000000 23526234 23500492 
6870 0.018744 23586347.000000 23594690 23574309 
6880 0.018821 23658677.000000 23663529 23649899 
6890 0.018814 23724018.000000 23730120 23714269 
6900 0.018846 23795714.000000 23801085 23790819 
6910 0.018903 23865243.000000 23870559 23849480 
6920 0.019057 23936784.000000 23939550 23926374 
6930 0.019035 24004899.000000 24008424 23997660 
6940 0.019090 24071471.000000 24078077 24058230 
6950 0.019178 24138832.000000 24146829 24126247 
6960 0.019273 24206892.000000 24216579 24193667 
6970 0.019243 24279819.000000 24285789 24263960 
6980 0.019374 24346095.000000 24356704 24334344 
6990 0.019469 24418997.000000 24426402 24408410 
7000 0.019515 24489704.000000 24496434 24484254 
7010 0.019531 24559308.000000 24565270 24549525 
7020 0.019546 24633814.000000 24636312 24627779 
7030 0.019696 24699190.000000 24705450 24687234 
7040 0.019737 24770634.000000 24777144 24759325 
7050 0.019760 24838567.000000 24846905 24813009 
7060 0.019915 24907922.000000 24916839 24882492 
7070 0.019844 24982250.000000 24988419 24957289 
7080 0.019924 25052220.000000 25059099 25032165 
7090 0.020046 25125600.000000 25129839 25110405 
7100 0.020036 25198480.000000 25201125 25192804 
7110 0.020119 25266560.000000 25271319 25259292 
7120 0.020175 25337433.000000 25343450 25327709 
7130 0.020208 25407831.000000 25414534 25393149 
7140 0.020294 25478921.000000 25486175 25468085 
7150 0.020373 25549184.000000 25556855 25538172 
7160 0.020389 25619670.000000 25628517 25601017 
7170 0.020432 25694570.000000 25700864 25682337 
7180 0.020529 25766016.000000 25772334 25749819 
7190 0.020538 25839428.000000 25843894 25824154 
7200 0.020583 25910031.000000 25916124 25894455 
7210 0.020681 25981399.000000 25985744 25970867 
7220 0.020723 26055004.000000 26060212 26035614 
7230 0.020799 26128577.000000 26131889 26124450 
7240 0.020788 26200181.000000 26205152 26187602 
7250 0.020822 26268667.000000 26277589 26253094 
7260 0.020906 26343640.000000 26350065 26332779 
7270 0.021038 26416554.000000 26421825 26405049 
7280 0.021073 26490354.000000 26495550 26481364 
7290 0.021147 26553353.000000 26564577 26543874 
7300 0.021122 26634141.000000 26640999 26625419 
7310 0.021233 26708907.000000 26714164 26697924 
7320 0.021325 26779820.000000 26786874 26752295 
7330 0.021410 26855208.000000 26860554 26837994 
7340 0.021421 26930252.000000 26934085 26926255 
7350 0.021393 26997480.000000 27007530 26973645 
7360 0.021571 27071162.000000 27079040 27049995 
7370 0.021609 27146856.000000 27150937 27142204 
7380 0.021616 27216621.000000 27227690 27164249 
7390 0.021696 27295229.000000 27302319 27277379 
7400 0.021672 27372877.000000 27376222 27364210 
7410 0.021912 27441530.000000 27449994 27422379 
7420 0.021996 27516278.000000 27523215 27508380 
7430 0.022076 27588399.000000 27597195 27558265 
7440 0.021915 27665276.000000 27672339 27645114 
7450 0.022024 27740586.000000 27747029 27732300 
7460 0.022031 27817381.000000 27821367 27809190 
7470 0.022174 27885119.000000 27896562 27857934 
7480 0.022271 27964696.000000 27970932 27952932 
7490 0.022195 28039580.000000 28045129 28033102 
7500 0.022291 28116404.000000 28120815 28101944 
7510 0.022382 28189246.000000 28195167 28175589 
7520 0.022447 28264753.000000 28271250 28244875 
7530 0.022482 28338303.000000 28346019 28325570 
7540 0.022559 28416193.000000 28421327 28409469 
7550 0.022533 28492037.000000 28497265 28482424 
7560 0.022665 28561564.000000 28571004 28531979 
7570 0.022681 28640948.000000 28647962 28619985 
7580 0.022756 28717384.000000 28724305 28708834 
7590 0.022762 28792090.000000 28797699 28781727 
7600 0.022864 28867917.000000 28876029 28848470 
7610 0.022954 28946101.000000 28951684 28937880 
7620 0.023046 29022658.000000 29027925 29004737 
7630 0.023125 29098517.000000 29104530 29084535 
7640 0.023855 29173302.000000 29179990 29166784 
7650 0.023224 29251372.000000 29257235 29246985 
7660 0.023591 29322304.000000 29331825 29304324 
7670 0.023310 29403325.000000 29409912 29392279 
7680 0.023392 29481363.000000 29486895 29456235 
7690 0.023462 29559026.000000 29563770 29548805 
7700 0.023564 29635202.000000 29640685 29622622 
7710 0.023637 29711831.000000 29717985 29700990 
7720 0.023604 29789795.000000 29795285 29783094 
7730 0.023665 29863232.000000 29872449 29841709 
7740 0.023928 29943887.000000 29949794 29922902 
7750 0.023950 30022009.000000 30027122 30017784 
7760 0.024058 30098502.000000 30104254 30086775 
7770 0.023873 30170748.000000 30180287 30153162 
7780 0.024027 30251337.000000 30260190 30229929 
7790 0.024352 30329509.000000 30337777 30311820 
7800 0.024411 30410246.000000 30414615 30403380 
7810 0.024946 30487961.000000 30492714 30479439 
7820 0.024470 30567059.000000 30571884 30555454 
7830 0.024361 30644815.000000 30649832 30635310 
7840 0.024462 30716669.000000 30727890 30681294 
7850 0.024380 30798705.000000 30806244 30774172 
7860 0.024463 30878089.000000 30884835 30863925 
7870 0.024481 30957061.000000 30964325 30934869 
7880 0.024601 31037484.000000 31043182 31031325 
7890 0.024722 31114727.000000 31121115 31102799 
7900 0.024825 31190587.000000 31199922 31156200 
7910 0.024821 31271496.000000 31279975 31256442 
7920 0.024923 31352471.000000 31358712 31335587 
7930 0.024887 31429259.000000 31437924 31407360 
7940 0.024974 31510789.000000 31517530 31502779 
7950 0.025012 31590294.000000 31596924 31582910 
7960 0.025100 31665104.000000 31676544 31630460 
7970 0.025179 31749405.000000 31755384 31727062 
7980 0.025098 31826498.000000 31835307 31807769 
7990 0.024829 31911820.000000 31915677 31900479 
8000 0.024620 31990523.000000 31995097 31984065 
8010 0.024517 32068380.000000 32075925 32056145 
8020 0.024493 32153525.000000 32156162 32146874 
8030 0.024982 32231258.000000 32236380 32214280 
8040 0.025045 32304621.000000 32316714 32290215 
8050 0.025367 32386388.000000 32396847 32354154 
8060 0.025318 32473438.000000 32477029 32463909 
8070 0.025337 32546947.000000 32557674 32525004 
8080 0.024983 32631788.000000 32639024 32611899 
8090 0.024962 32712273.000000 32719752 32689624 
8100 0.025413 32790829.000000 32800544 32775974 
8110 0.026024 32871880.000000 32881254 32842655 
8120 0.026371 32954984.000000 32962644 32915862 
8130 0.025600 33039124.000000 33044384 33031505 
8140 0.026073 33118191.000000 33125702 33107202 
8150 0.025872 33204924.000000 33207147 33201922 
8160 0.026491 33281356.000000 33287445 33258585 
8170 0.026134 33361928.000000 33367515 33346929 
8180 0.025664 33445018.000000 33451290 33418440 
8190 0.025794 33524827.000000 33533135 33510302 
8200 0.026173 33606442.000000 33615435 33590475 
8210 0.026269 33691712.000000 33697449 33685225 
8220 0.025910 33769419.000000 33779999 33745637 
8230 0.026458 33855743.000000 33862059 33849615 
8240 0.026391 33939521.000000 33943777 33925765 
8250 0.026499 34020994.000000 34026459 34010835 
8260 0.026466 34101878.000000 34109625 34092465 
8270 0.026221 34182272.000000 34191412 34169737 
8280 0.026938 34265004.000000 34274907 34250084 
8290 0.027412 34349538.000000 34356729 34339569 
8300 0.026352 34433787.000000 34440772 34420347 
8310 0.026865 34513094.000000 34523867 34491764 
8320 0.026973 34596329.000000 34607004 34582730 
8330 0.027062 34685606.000000 34689960 34681374 
8340 0.026831 34766101.000000 34773585 34751475 
8350 0.026731 34850547.000000 34856697 34835960 
8360 0.026873 34932051.000000 34940269 34889580 
8370 0.026888 35018058.000000 35024094 34991112 
8380 0.027018 35102492.000000 35107449 35090990 
8390 0.027398 35182595.000000 35189964 35174277 
8400 0.028548 35271583.000000 35275547 35262270 
8410 0.027625 35352222.000000 35359250 35337900 
8420 0.027406 35437454.000000 35440504 35433405 
8430 0.027169 35515780.000000 35528220 35495850 
8440 0.027848 35608658.000000 35611914 35603535 
8450 0.027834 35690631.000000 35696725 35673805 
8460 0.027509 35776425.000000 35781245 35768367 
8470 0.027430 35859879.000000 35866187 35846712 
8480 0.027530 35943553.000000 35950729 35934124 
8490 0.027576 36022275.000000 36032565 36001089 
8500 0.027831 36117576.000000 36119889 36114534 
8510 0.028268 36196303.000000 36204142 36176634 
8520 0.028242 36279448.000000 36290475 36267069 
8530 0.029656 36366514.000000 36374105 36353607 
8540 0.027910 36456063.000000 36460969 36445420 
8550 0.028421 36537340.000000 36545985 36524609 
8560 0.029010 36620410.000000 36632384 36598850 
8570 0.028156 36710114.000000 36717570 36690199 
8580 0.031765 36795296.000000 36803090 36780905 
8590 0.028782 36882909.000000 36889194 36876060 
8600 0.030058 36964442.000000 36975105 36931149 
8610 0.030066 37052553.000000 37060710 37040835 
8620 0.030117 37138091.000000 37147824 37127589 
8630 0.030002 37225714.000000 37233639 37211769 
8640 0.029770 37313276.000000 37318589 37299365 
8650 0.029643 37401198.000000 37406789 37390089 
8660 0.029742 37481255.000000 37493280 37461844 
8670 0.029673 37571596.000000 37579449 37561200 
8680 0.029755 37658916.000000 37666509 37652999 
8690 0.029772 37747184.000000 37753429 37737774 
8700 0.029890 37830744.000000 37840299 37815225 
8710 0.029862 37917457.000000 37925615 37894799 
8720 0.029867 38007824.000000 38014515 37994337 
8730 0.029922 38092578.000000 38101139 38070459 
8740 0.029993 38182711.000000 38188965 38174030 
8750 0.030051 38271548.000000 38275222 38266722 
8760 0.030087 38358969.000000 38364167 38344520 
8770 0.030347 38441223.000000 38450739 38427089 
8780 0.030478 38533879.000000 38539459 38525275 
8790 0.030501 38622348.000000 38626952 38616330 
8800 0.030532 38710693.000000 38715222 38705870 
8810 0.030719 38799161.000000 38803525 38792017 
8820 0.030731 38882118.000000 38890515 38872875 
8830 0.030753 38970611.000000 38980025 38954157 
8840 0.030890 39062020.000000 39068127 39048079 
8850 0.030978 39145252.000000 39154269 39129330 
8860 0.030878 39233711.000000 39244590 39211179 
8870 0.030973 39321877.000000 39332062 39308364 
8880 0.031101 39415953.000000 39421940 39398450 
8890 0.031166 39500120.000000 39510864 39469410 
8900 0.031788 39587506.000000 39599469 39573985 
8910 0.031246 39678104.000000 39688269 39662567 
8920 0.031317 39770570.000000 39778037 39750299 
8930 0.031322 39860811.000000 39866215 39854455 
8940 0.031440 39951827.000000 39956550 39937827 
8950 0.031467 40034843.000000 40045599 39997947 
8960 0.031467 40131655.000000 40136167 40123117 
8970 0.031715 40218834.000000 40225185 40210565 
8980 0.031714 40305846.000000 40315214 40295810 
8990 0.031793 40398547.000000 40405464 40380579 
9000 0.031859 40487946.000000 40495269 40462347 
9010 0.031848 40582373.000000 40585440 40574069 
9020 0.031808 40667171.000000 40674655 40655989 
9030 0.032013 40756754.000000 40765340 40738205 
9040 0.032157 40845754.000000 40855152 40821827 
9050 0.032180 40939877.000000 40943722 40932360 
9060 0.032123 41024758.000000 41036892 41001492 
9070 0.032265 41118287.000000 41127320 41094762 
9080 0.032367 41213344.000000 41217714 41206099 
9090 0.032400 41304603.000000 41309205 41295477 
9100 0.032480 41395602.000000 41400395 41380947 
9110 0.032560 41481287.000000 41491324 41470789 
9120 0.032605 41570429.000000 41582289 41538980 
9130 0.032706 41665857.000000 41673675 41643257 
9140 0.032843 41754962.000000 41765230 41735095 
9150 0.032869 41847383.000000 41855499 41822222 
9160 0.032886 41940613.000000 41947944 41928914 
9170 0.033004 42030385.000000 42039760 41997087 
9180 0.033078 42122474.000000 42130575 42110082 
9190 0.033187 42218112.000000 42222509 42212870 
9200 0.033294 42304841.000000 42314454 42295300 
9210 0.033281 42398801.000000 42407442 42381339 
9220 0.033303 42492410.000000 42499470 42481445 
9230 0.033403 42584200.000000 42590974 42574069 
9240 0.034075 42674639.000000 42684027 42655019 
9250 0.033717 42764274.000000 42776372 42744240 
9260 0.033671 42864618.000000 42868042 42857389 
9270 0.033777 42953308.000000 42961149 42939024 
9280 0.033753 43042332.000000 43051557 43022175 
9290 0.033911 43134391.000000 43146544 43110004 
9300 0.033883 43235713.000000 43239609 43225299 
9310 0.033982 43319721.000000 43331910 43292354 
9320 0.034059 43419778.000000 43426044 43411662 
9330 0.034170 43509472.000000 43519532 43495032 
9340 0.034223 43606009.000000 43612695 43578414 
9350 0.034217 43698939.000000 43706275 43684839 
9360 0.034352 43790230.000000 43796880 43776249 
9370 0.034466 43883957.000000 43892730 43850987 
9380 0.034559 43979136.000000 43986132 43969174 
9390 0.034594 44072778.000000 44080494 44061852 
9400 0.034572 44168102.000000 44173869 44157722 
9410 0.035010 44257322.000000 44263989 44247190 
9420 0.034936 44354492.000000 44360715 44341335 
9430 0.034889 44444451.000000 44457384 44407965 
9440 0.034906 44547470.000000 44551975 44538052 
9450 0.034957 44636383.000000 44646470 44620419 
9460 0.035050 44733458.000000 44740860 44721764 
9470 0.035179 44827109.000000 44833824 44813979 
9480 0.035263 44923044.000000 44929599 44913989 
9490 0.035220 45015283.000000 45025152 45007160 
9500 0.035362 45107589.000000 45119950 45094372 
9510 0.035430 45204061.000000 45215105 45168630 
9520 0.035943 45303775.000000 45310140 45296412 
9530 0.035641 45398251.000000 45404982 45385785 
9540 0.035784 45492071.000000 45500502 45454365 
9550 0.035749 45585999.000000 45596175 45568980 
9560 0.035894 45685672.000000 45691159 45680845 
9570 0.035993 45779368.000000 45787529 45760170 
9580 0.036016 45872317.000000 45882590 45845460 
9590 0.036080 45968570.000000 45977877 45945325 
9600 0.036111 46069393.000000 46074735 46053255 
9610 0.036278 46153323.000000 46170969 46126095 
9620 0.036346 46260942.000000 46266984 46246684 
9630 0.036368 46351680.000000 46363257 46327320 
9640 0.036438 46449777.000000 46459574 46438035 
9650 0.036461 46549602.000000 46554772 46526535 
9660 0.036594 46645488.000000 46652934 46632060 
9670 0.036635 46742446.000000 46749150 46734039 
9680 0.036633 46837948.000000 46846294 46817199 
9690 0.036829 46931875.000000 46939550 46912577 
9700 0.036929 47033313.000000 47039115 47020050 
9710 0.036929 47128834.000000 47136600 47108754 
9720 0.037004 47222034.000000 47233014 47170079 
9730 0.037169 47321188.000000 47330765 47289680 
9740 0.037173 47421339.000000 47428875 47411539 
9750 0.037193 47516468.000000 47523960 47496485 
9760 0.037388 47614320.000000 47623325 47589204 
9770 0.037388 47707540.000000 47719354 47686320 
9780 0.037519 47811107.000000 47819174 47800782 
9790 0.037548 47909515.000000 47917119 47899764 
9800 0.037640 48007415.000000 48014572 47989222 
9810 0.037710 48103694.000000 48112869 48085415 
9820 0.037870 48199132.000000 48210114 48182129 
9830 0.037828 48300734.000000 48308359 48278410 
9840 0.037967 48398760.000000 48406704 48385725 
9850 0.037895 48499979.000000 48505730 48488934 
9860 0.038165 48594265.000000 48604765 48583960 
9870 0.038144 48695042.000000 48702525 48682605 
9880 0.038259 48790967.000000 48799257 48783539 
9890 0.038239 48893338.000000 48900985 48878100 
9900 0.038400 48986351.000000 48998775 48963194 
9910 0.038487 49086423.000000 49097442 49046769 
9920 0.038501 49189959.000000 49195237 49179904 
9930 0.038602 49284467.000000 49297470 49264845 
9940 0.038821 49388334.000000 49394685 49380359 
9950 0.038839 49482295.000000 49494130 49450824 
9960 0.038797 49589439.000000 49595292 49584495 
9970 0.038959 49685815.000000 49695360 49656684 
9980 0.039051 49789079.000000 49794175 49781349 
9990 0.039126 49888632.000000 49893402 49877100 
10000 0.039073 49988428.000000 49994622 49968204 
