N  Time  average_ob  max_ob  min_ob 
10 0.000000 24.000000 33 19 
20 0.000000 93.000000 123 76 
30 0.000000 207.000000 253 171 
40 0.000001 370.000000 436 316 
50 0.000001 585.000000 681 507 
60 0.000001 874.000000 1100 777 
70 0.000001 1221.000000 1411 994 
80 0.000002 1586.000000 1673 1476 
90 0.000003 2075.000000 2296 1812 
100 0.000004 2465.000000 2804 2127 
110 0.000005 2959.000000 3285 2664 
120 0.000006 3733.000000 4032 3553 
130 0.000009 4149.000000 4598 3679 
140 0.000007 4780.000000 5195 4230 
150 0.000010 5571.000000 6079 5299 
160 0.000012 6504.000000 7091 5958 
170 0.000006 7122.000000 7954 6665 
180 0.000007 8158.000000 9002 7268 
190 0.000008 9109.000000 9825 8449 
200 0.000008 9757.000000 10741 8481 
210 0.000009 10933.000000 11524 10403 
220 0.000012 11916.000000 12945 10977 
230 0.000011 13266.000000 13839 12700 
240 0.000011 14341.000000 15109 12996 
250 0.000013 15998.000000 17906 15294 
260 0.000013 16783.000000 18039 15449 
270 0.000014 18134.000000 18984 16663 
280 0.000017 19370.000000 20748 18272 
290 0.000017 21000.000000 21943 19934 
300 0.000020 22814.000000 23984 20985 
310 0.000020 23391.000000 25412 21331 
320 0.000024 25415.000000 26826 24222 
330 0.000023 27023.000000 29145 25185 
340 0.000022 28320.000000 29753 26524 
350 0.000023 30598.000000 31633 29516 
360 0.000031 32149.000000 33799 30613 
370 0.000025 34219.000000 35493 33132 
380 0.000027 36190.000000 37468 34269 
390 0.000031 37991.000000 39388 36736 
400 0.000029 40345.000000 41958 37156 
410 0.000030 41372.000000 42979 40155 
420 0.000034 44162.000000 47110 41540 
430 0.000040 46619.000000 48932 44266 
440 0.000039 48213.000000 52076 45567 
450 0.000035 50174.000000 53595 46466 
460 0.000038 52365.000000 54875 50481 
470 0.000040 55839.000000 57879 53512 
480 0.000037 57770.000000 60422 55827 
490 0.000042 60332.000000 64540 56444 
500 0.000039 63188.000000 65509 61494 
510 0.000042 64616.000000 66885 62261 
520 0.000055 66830.000000 69372 63472 
530 0.000055 70229.000000 73168 65894 
540 0.000052 72197.000000 74575 69269 
550 0.000053 75764.000000 79343 73255 
560 0.000056 78342.000000 80883 74570 
570 0.000057 80984.000000 84315 75245 
580 0.000061 84757.000000 88527 79739 
590 0.000061 87125.000000 90715 82164 
600 0.000056 90207.000000 92111 86798 
610 0.000058 92608.000000 95686 90100 
620 0.000060 94530.000000 96038 91256 
630 0.000062 99913.000000 103169 94988 
640 0.000063 101230.000000 105632 97077 
650 0.000075 105317.000000 108511 101107 
660 0.000097 107955.000000 111121 104751 
670 0.000080 112608.000000 115954 108693 
680 0.000087 116248.000000 120731 113196 
690 0.000081 117062.000000 122377 111973 
700 0.000084 122112.000000 132821 119494 
710 0.000083 124349.000000 128518 116516 
720 0.000060 128343.000000 136499 122707 
730 0.000077 133748.000000 137740 129276 
740 0.000094 137062.000000 142117 132015 
750 0.000095 139555.000000 142547 130776 
760 0.000097 143500.000000 148222 133627 
770 0.000101 149735.000000 153770 145128 
780 0.000091 154654.000000 159795 148477 
790 0.000090 153540.000000 161840 147823 
800 0.000101 161238.000000 166950 156807 
810 0.000097 164468.000000 173343 156915 
820 0.000096 166903.000000 173516 163300 
830 0.000100 172831.000000 178209 169131 
840 0.000100 175436.000000 184662 166817 
850 0.000100 179758.000000 187756 175466 
860 0.000092 183832.000000 191428 175529 
870 0.000095 187391.000000 191691 182003 
880 0.000097 193436.000000 199512 187724 
890 0.000102 201045.000000 206985 192252 
900 0.000102 201785.000000 213076 195614 
910 0.000107 206592.000000 212729 199704 
920 0.000110 210031.000000 216120 205608 
930 0.000099 213914.000000 218949 206657 
940 0.000100 221859.000000 229152 212176 
950 0.000102 226428.000000 234013 219149 
960 0.000102 230529.000000 234686 222805 
970 0.000097 235720.000000 241313 227588 
980 0.000099 242373.000000 248406 236417 
990 0.000100 245971.000000 251559 241026 
1000 0.000102 250251.000000 256015 236201 
1010 0.000104 257168.000000 268844 245901 
1020 0.000108 257381.000000 263706 249287 
1030 0.000108 266310.000000 271056 261014 
1040 0.000103 272778.000000 280639 266522 
1050 0.000103 274802.000000 288921 260302 
1060 0.000105 281629.000000 289194 267632 
1070 0.000106 287028.000000 298375 276655 
1080 0.000104 294270.000000 298764 291396 
1090 0.000106 293878.000000 303702 284927 
1100 0.000105 301534.000000 311497 288155 
1110 0.000102 303213.000000 311853 288340 
1120 0.000104 311403.000000 323585 305868 
1130 0.000105 319354.000000 324345 310530 
1140 0.000107 326055.000000 337142 318343 
1150 0.000104 329543.000000 337349 314606 
1160 0.000106 337124.000000 349131 328001 
1170 0.000109 343242.000000 354492 334245 
1180 0.000109 346675.000000 356997 336490 
1190 0.000107 354438.000000 362220 342168 
1200 0.000109 360196.000000 366308 349900 
1210 0.000111 367168.000000 375114 355075 
1220 0.000107 371285.000000 388164 359863 
1230 0.000108 378050.000000 389765 361147 
1240 0.000111 384722.000000 405175 376087 
1250 0.000110 385763.000000 395704 378010 
1260 0.000112 394984.000000 406932 381877 
1270 0.000112 402496.000000 414170 395666 
1280 0.000113 407700.000000 425279 394773 
1290 0.000115 418973.000000 432806 403651 
1300 0.000118 421416.000000 435822 413266 
1310 0.000115 424328.000000 432196 413721 
1320 0.000111 434207.000000 442169 423061 
1330 0.000112 442654.000000 459937 430422 
1340 0.000116 454601.000000 465177 445280 
1350 0.000115 447679.000000 457430 433527 
1360 0.000116 462490.000000 471633 449162 
1370 0.000118 467758.000000 475954 455193 
1380 0.000121 476474.000000 487540 466075 
1390 0.000123 482315.000000 497772 467879 
1400 0.000123 492329.000000 505844 483263 
1410 0.000123 493957.000000 503112 472633 
1420 0.000125 500831.000000 508841 480854 
1430 0.000132 512481.000000 519868 502268 
1440 0.000129 518485.000000 531557 507527 
1450 0.000132 527386.000000 547448 513094 
1460 0.000132 529375.000000 552795 510574 
1470 0.000138 540338.000000 554300 520455 
1480 0.000138 550513.000000 571152 534850 
1490 0.000139 558064.000000 574968 540436 
1500 0.000140 562799.000000 578098 552663 
1510 0.000143 566421.000000 581127 547796 
1520 0.000143 574041.000000 582189 554799 
1530 0.000151 585393.000000 609731 573639 
1540 0.000150 591795.000000 606357 581632 
1550 0.000150 599668.000000 621538 577268 
1560 0.000150 601389.000000 633143 582547 
1570 0.000152 613765.000000 629742 594786 
1580 0.000158 620006.000000 641167 602156 
1590 0.000163 637402.000000 651038 615066 
1600 0.000158 638607.000000 652655 621981 
1610 0.000164 648677.000000 663826 636178 
1620 0.000163 648778.000000 657765 630505 
1630 0.000165 669149.000000 675754 656637 
1640 0.000168 671873.000000 696276 658608 
1650 0.000168 679703.000000 693865 672915 
1660 0.000170 690579.000000 702748 677857 
1670 0.000173 696928.000000 722820 682080 
1680 0.000173 705345.000000 726273 685783 
1690 0.000176 713672.000000 728711 694922 
1700 0.000180 719069.000000 738475 690795 
1710 0.000180 727919.000000 747682 715454 
1720 0.000184 737478.000000 745217 720913 
1730 0.000191 746624.000000 758916 735065 
1740 0.000188 758973.000000 770965 741884 
1750 0.000190 760600.000000 775661 743919 
1760 0.000193 773550.000000 798478 751981 
1770 0.000191 779905.000000 800465 749596 
1780 0.000198 796961.000000 817052 779395 
1790 0.000197 804835.000000 827717 784675 
1800 0.000198 810595.000000 829635 789073 
1810 0.000203 820194.000000 836164 801327 
1820 0.000207 837052.000000 853855 817478 
1830 0.000210 837767.000000 870167 820404 
1840 0.000209 853407.000000 875033 829427 
1850 0.000210 861468.000000 878869 847864 
1860 0.000213 862211.000000 881166 846619 
1870 0.000219 874402.000000 890213 856219 
1880 0.000218 885233.000000 902510 867141 
1890 0.000217 892509.000000 905611 875425 
1900 0.000222 908289.000000 930023 890232 
1910 0.000222 904309.000000 944970 873868 
1920 0.000225 918062.000000 955391 887245 
1930 0.000231 935474.000000 955914 914811 
1940 0.000229 941486.000000 968537 923132 
1950 0.000232 941752.000000 949954 933568 
1960 0.000234 957395.000000 975435 938739 
1970 0.000239 968164.000000 977814 956594 
1980 0.000244 981924.000000 1008199 952518 
1990 0.000242 989138.000000 1009382 980339 
2000 0.000243 996884.000000 1007037 983768 
2010 0.000247 1015222.000000 1028722 1000031 
2020 0.000250 1022841.000000 1042628 1003888 
2030 0.000249 1025843.000000 1053375 994244 
2040 0.000255 1045297.000000 1054900 1026312 
2050 0.000255 1049877.000000 1070939 1022815 
2060 0.000258 1057976.000000 1079530 1029625 
2070 0.000261 1068718.000000 1095384 1041915 
2080 0.000264 1080588.000000 1097574 1059696 
2090 0.000265 1090345.000000 1113663 1051901 
2100 0.000269 1109162.000000 1128336 1090503 
2110 0.000271 1108775.000000 1122170 1098632 
2120 0.000274 1117918.000000 1139258 1094261 
2130 0.000278 1137958.000000 1160434 1119151 
2140 0.000277 1142231.000000 1166293 1118501 
2150 0.000281 1150634.000000 1168317 1126854 
2160 0.000282 1160265.000000 1186937 1145505 
2170 0.000289 1178666.000000 1213177 1153367 
2180 0.000286 1186106.000000 1198870 1157028 
2190 0.000292 1202563.000000 1229319 1176551 
2200 0.000293 1209847.000000 1237383 1169570 
2210 0.000301 1236971.000000 1262565 1203994 
2220 0.000301 1233163.000000 1253674 1199566 
2230 0.000300 1244286.000000 1284504 1221693 
2240 0.000304 1243425.000000 1275602 1223450 
2250 0.000306 1264594.000000 1286922 1245932 
2260 0.000310 1281065.000000 1320757 1234200 
2270 0.000311 1272720.000000 1291670 1249483 
2280 0.000312 1289704.000000 1316079 1273523 
2290 0.000316 1303147.000000 1334352 1284133 
2300 0.000322 1330638.000000 1353968 1307820 
2310 0.000326 1335078.000000 1358147 1313956 
2320 0.000325 1346838.000000 1376171 1321772 
2330 0.000327 1359366.000000 1385504 1337138 
2340 0.000332 1371582.000000 1386772 1353461 
2350 0.000337 1376564.000000 1400980 1357789 
2360 0.000334 1387282.000000 1412870 1373328 
2370 0.000343 1400676.000000 1426503 1376856 
2380 0.000341 1413047.000000 1440573 1391448 
2390 0.000344 1427347.000000 1460933 1387381 
2400 0.000349 1442769.000000 1474390 1412455 
2410 0.000352 1444941.000000 1469670 1407976 
2420 0.000356 1463345.000000 1497829 1418944 
2430 0.000361 1482445.000000 1508787 1449502 
2440 0.000357 1482639.000000 1534222 1444561 
2450 0.000365 1499310.000000 1517884 1480121 
2460 0.000368 1510347.000000 1534736 1493234 
2470 0.000372 1529729.000000 1556809 1498351 
2480 0.000372 1547108.000000 1594064 1474754 
2490 0.000377 1559061.000000 1585139 1533531 
2500 0.000382 1573265.000000 1602192 1531619 
2510 0.000384 1569246.000000 1591427 1542531 
2520 0.000384 1582299.000000 1642600 1530448 
2530 0.000390 1603053.000000 1630572 1583231 
2540 0.000397 1610225.000000 1636027 1578527 
2550 0.000396 1625070.000000 1644796 1585585 
2560 0.000395 1642132.000000 1668759 1592851 
2570 0.000399 1658715.000000 1682427 1638341 
2580 0.000404 1657867.000000 1699859 1624954 
2590 0.000405 1678400.000000 1718973 1635028 
2600 0.000406 1684531.000000 1739252 1612686 
2610 0.000408 1702087.000000 1738760 1661670 
2620 0.000412 1707258.000000 1731282 1671094 
2630 0.000419 1727358.000000 1761791 1680688 
2640 0.000422 1742529.000000 1775089 1694726 
2650 0.000422 1747600.000000 1781155 1726669 
2660 0.000425 1763652.000000 1798629 1739022 
2670 0.000430 1774651.000000 1791608 1744181 
2680 0.000438 1800165.000000 1823784 1729635 
2690 0.000442 1810622.000000 1846340 1781861 
2700 0.000440 1815236.000000 1874400 1768019 
2710 0.000447 1832463.000000 1872991 1808210 
2720 0.000446 1851408.000000 1872299 1834308 
2730 0.000456 1868664.000000 1902390 1818835 
2740 0.000453 1872082.000000 1901812 1848310 
2750 0.000459 1890915.000000 1945770 1830845 
2760 0.000463 1907547.000000 1941594 1850233 
2770 0.000465 1923516.000000 1958588 1863665 
2780 0.000471 1933018.000000 1953572 1914903 
2790 0.000473 1957363.000000 1998966 1920456 
2800 0.000478 1966711.000000 2007506 1943413 
2810 0.000478 1984637.000000 2043052 1942819 
2820 0.000480 1973329.000000 2016645 1920058 
2830 0.000487 1999032.000000 2032579 1968256 
2840 0.000490 2019424.000000 2054575 1989597 
2850 0.000491 2030392.000000 2078643 1978596 
2860 0.000500 2043278.000000 2092961 1997621 
2870 0.000501 2068372.000000 2113122 2005531 
2880 0.000504 2065706.000000 2100735 2013596 
2890 0.000505 2080620.000000 2117108 2019232 
2900 0.000508 2093491.000000 2136214 2075207 
2910 0.000517 2123494.000000 2164380 2093547 
2920 0.000518 2132042.000000 2157245 2090435 
2930 0.000523 2154670.000000 2198695 2125679 
2940 0.000528 2163261.000000 2196553 2121283 
2950 0.000536 2192637.000000 2230445 2166329 
2960 0.000530 2195058.000000 2234919 2133092 
2970 0.000535 2202824.000000 2232476 2178329 
2980 0.000539 2227784.000000 2283388 2160459 
2990 0.000545 2242191.000000 2294206 2178738 
3000 0.000547 2256746.000000 2320358 2230987 
3010 0.000553 2277509.000000 2319456 2241697 
3020 0.000555 2287220.000000 2342927 2250068 
3030 0.000560 2298344.000000 2352925 2250360 
3040 0.000563 2302955.000000 2341874 2265029 
3050 0.000559 2333099.000000 2392206 2256731 
3060 0.000576 2333611.000000 2388848 2299528 
3070 0.000565 2332321.000000 2387377 2276233 
3080 0.000575 2371107.000000 2433636 2330663 
3090 0.000579 2377511.000000 2413244 2348693 
3100 0.000588 2420103.000000 2476204 2382416 
3110 0.000586 2405862.000000 2424576 2383140 
3120 0.000592 2438767.000000 2481387 2388038 
3130 0.000596 2434306.000000 2485759 2385078 
3140 0.000601 2465053.000000 2501744 2417621 
3150 0.000603 2475214.000000 2511367 2427886 
3160 0.000610 2500090.000000 2536386 2459295 
3170 0.000611 2505797.000000 2549544 2459146 
3180 0.000615 2523883.000000 2611521 2443586 
3190 0.000617 2542799.000000 2588975 2523267 
3200 0.000623 2555191.000000 2616665 2511860 
3210 0.000628 2580102.000000 2595270 2560505 
3220 0.000627 2587756.000000 2628930 2521479 
3230 0.000633 2609306.000000 2676449 2572295 
3240 0.000637 2622793.000000 2673605 2583932 
3250 0.000637 2620558.000000 2658125 2581659 
3260 0.000647 2660020.000000 2700408 2603725 
3270 0.000650 2677863.000000 2734202 2625870 
3280 0.000651 2671672.000000 2722534 2643342 
3290 0.000659 2702018.000000 2760480 2635597 
3300 0.000660 2721557.000000 2780873 2685071 
3310 0.000697 2750665.000000 2795880 2701478 
3320 0.000659 2749768.000000 2799500 2708530 
3330 0.000661 2766632.000000 2813491 2721878 
3340 0.000666 2789803.000000 2819685 2768498 
3350 0.000676 2800179.000000 2854889 2756265 
3360 0.000678 2820590.000000 2863884 2778066 
3370 0.000705 2854930.000000 2905975 2815273 
3380 0.000698 2845307.000000 2889503 2771746 
3390 0.000709 2869803.000000 2928784 2812420 
3400 0.000692 2916107.000000 3003393 2872723 
3410 0.000690 2903838.000000 2934563 2869182 
3420 0.000713 2923117.000000 2960076 2874079 
3430 0.000716 2939846.000000 2986839 2889898 
3440 0.000717 2937175.000000 2968395 2892652 
3450 0.000735 2973441.000000 3004110 2926075 
3460 0.000736 2994509.000000 3027368 2944708 
3470 0.000746 3030468.000000 3067628 2988467 
3480 0.000748 3021011.000000 3059931 2958867 
3490 0.000751 3042243.000000 3089648 2980134 
3500 0.000755 3041009.000000 3104914 2968698 
3510 0.000795 3078912.000000 3142075 3021682 
3520 0.000757 3096663.000000 3162893 3041232 
3530 0.000740 3106425.000000 3175382 2997999 
3540 0.000750 3141018.000000 3193492 3102710 
3550 0.000750 3153358.000000 3205497 3105104 
3560 0.000757 3170098.000000 3209461 3122136 
3570 0.000760 3166227.000000 3220777 3089189 
3580 0.000766 3201916.000000 3251071 3151671 
3590 0.000785 3224904.000000 3307014 3158023 
3600 0.000784 3228405.000000 3306917 3126391 
3610 0.000793 3264231.000000 3344032 3200078 
3620 0.000797 3274824.000000 3339849 3231376 
3630 0.000802 3294233.000000 3341626 3250346 
3640 0.000815 3318346.000000 3357256 3240740 
3650 0.000813 3331348.000000 3386095 3222841 
3660 0.000814 3345598.000000 3403414 3282598 
3670 0.000816 3367582.000000 3444003 3311071 
3680 0.000824 3385451.000000 3452276 3345443 
3690 0.000830 3398274.000000 3454737 3346077 
3700 0.000837 3420276.000000 3500370 3364975 
3710 0.000843 3468243.000000 3512215 3418344 
3720 0.000846 3461030.000000 3536727 3416767 
3730 0.000853 3490206.000000 3589774 3404541 
3740 0.000849 3509169.000000 3560838 3480621 
3750 0.000858 3524601.000000 3572444 3494584 
3760 0.000859 3533869.000000 3574197 3485634 
3770 0.000866 3565720.000000 3647036 3490601 
3780 0.000872 3557322.000000 3614798 3500117 
3790 0.000877 3592263.000000 3634533 3531953 
3800 0.000877 3596878.000000 3654052 3485920 
3810 0.000877 3619316.000000 3706719 3545178 
3820 0.000891 3659862.000000 3691367 3619139 
3830 0.000898 3676131.000000 3725718 3615282 
3840 0.000899 3694482.000000 3737674 3627087 
3850 0.000901 3684041.000000 3759710 3608788 
3860 0.000903 3721368.000000 3791798 3664577 
3870 0.000911 3741334.000000 3786697 3681323 
3880 0.000911 3750494.000000 3798088 3726298 
3890 0.000923 3782284.000000 3835941 3743562 
3900 0.000928 3798648.000000 3848450 3741360 
3910 0.000928 3834584.000000 3886146 3781128 
3920 0.000939 3855506.000000 3921055 3779885 
3930 0.000941 3862637.000000 3913055 3813506 
3940 0.000947 3874846.000000 3939303 3837711 
3950 0.000954 3913156.000000 3984051 3830072 
3960 0.000949 3912154.000000 3975628 3882669 
3970 0.000957 3933709.000000 3996079 3902008 
3980 0.000965 3964977.000000 4013954 3903706 
3990 0.000975 3987495.000000 4068395 3888603 
4000 0.000975 4016163.000000 4063538 3974109 
4010 0.000975 4014592.000000 4118607 3902063 
4020 0.000986 4045210.000000 4108902 3964446 
4030 0.000980 4046939.000000 4112997 3978786 
4040 0.000996 4088345.000000 4159504 3993457 
4050 0.001007 4120514.000000 4220772 4014374 
4060 0.001000 4124681.000000 4165726 4077213 
4070 0.001016 4155361.000000 4215997 4109767 
4080 0.001017 4183806.000000 4216616 4147019 
4090 0.001019 4177261.000000 4250024 4098308 
4100 0.001026 4200400.000000 4252883 4103556 
4110 0.001030 4233762.000000 4325472 4183164 
4120 0.001041 4247384.000000 4299714 4149783 
4130 0.001046 4284140.000000 4369913 4219999 
4140 0.001048 4298791.000000 4398570 4233153 
4150 0.001055 4335568.000000 4417595 4218311 
4160 0.001060 4346109.000000 4431269 4314529 
4170 0.001064 4366579.000000 4413675 4316257 
4180 0.001059 4341176.000000 4381390 4310105 
4190 0.001074 4402086.000000 4477432 4332493 
4200 0.001076 4397822.000000 4450630 4329827 
4210 0.001080 4422566.000000 4470889 4364062 
4220 0.001082 4441461.000000 4502081 4390942 
4230 0.001089 4469370.000000 4520195 4368298 
4240 0.001098 4504730.000000 4550277 4439403 
4250 0.001098 4518709.000000 4581391 4457153 
4260 0.001106 4530354.000000 4580284 4460462 
4270 0.001110 4552322.000000 4658726 4472626 
4280 0.001114 4577400.000000 4695605 4499969 
4290 0.001124 4596883.000000 4686746 4538554 
4300 0.001131 4659270.000000 4731826 4584366 
4310 0.001136 4663939.000000 4759237 4595607 
4320 0.001137 4649039.000000 4713842 4607944 
4330 0.001144 4686893.000000 4727555 4644623 
4340 0.001151 4702891.000000 4779108 4636051 
4350 0.001154 4743921.000000 4791531 4650452 
4360 0.001161 4757263.000000 4846833 4637355 
4370 0.001171 4787394.000000 4879565 4723240 
4380 0.001172 4804995.000000 4885567 4719679 
4390 0.001179 4819583.000000 4887199 4778081 
4400 0.001183 4840132.000000 4922753 4752414 
4410 0.001189 4849036.000000 4898511 4724719 
4420 0.001194 4902360.000000 5009622 4815806 
4430 0.001200 4903692.000000 4992619 4817288 
4440 0.001213 4953557.000000 5036662 4874008 
4450 0.001200 4929719.000000 4998054 4873201 
4460 0.001212 4944938.000000 5063803 4838327 
4470 0.001223 5010873.000000 5078532 4937507 
4480 0.001221 4991779.000000 5045971 4914892 
4490 0.001232 5049914.000000 5103905 4984893 
4500 0.001237 5066692.000000 5173495 5009278 
4510 0.001242 5090216.000000 5151133 5006773 
4520 0.001247 5132718.000000 5209350 5083699 
4530 0.001249 5116146.000000 5169793 5047575 
4540 0.001264 5164829.000000 5235137 5064312 
4550 0.001262 5167033.000000 5234558 5061747 
4560 0.001260 5166289.000000 5265777 5078011 
4570 0.001271 5211757.000000 5308904 5100987 
4580 0.001279 5261629.000000 5313968 5134696 
4590 0.001295 5278436.000000 5370807 5158161 
4600 0.001286 5294647.000000 5373693 5197623 
4610 0.001301 5331281.000000 5425766 5230432 
4620 0.001298 5344334.000000 5423639 5222735 
4630 0.001308 5353039.000000 5394007 5297426 
4640 0.001319 5397261.000000 5507153 5318691 
4650 0.001321 5399464.000000 5476372 5282852 
4660 0.001329 5450451.000000 5573595 5354956 
4670 0.001331 5460366.000000 5538250 5377085 
4680 0.001339 5479268.000000 5571558 5390533 
4690 0.001339 5480058.000000 5532637 5434175 
4700 0.001353 5537150.000000 5596618 5464996 
4710 0.001352 5538410.000000 5624121 5465285 
4720 0.001355 5567285.000000 5676542 5530452 
4730 0.001361 5571706.000000 5669350 5460314 
4740 0.001374 5626538.000000 5690052 5534303 
4750 0.001379 5645739.000000 5804077 5540919 
4760 0.001383 5673845.000000 5742514 5641547 
4770 0.001385 5692358.000000 5754197 5614676 
4780 0.001392 5718240.000000 5753642 5614440 
4790 0.001393 5731232.000000 5810824 5649879 
4800 0.001398 5736535.000000 5816995 5679208 
4810 0.001410 5790230.000000 5870509 5709428 
4820 0.001422 5824640.000000 5900973 5729533 
4830 0.001423 5830449.000000 5922819 5740866 
4840 0.001420 5839665.000000 5926663 5785470 
4850 0.001435 5911294.000000 5986728 5843395 
4860 0.001433 5888962.000000 6024997 5818032 
4870 0.001448 5955382.000000 6008981 5906661 
4880 0.001456 5968905.000000 6042020 5871458 
4890 0.001468 5985987.000000 6128771 5902505 
4900 0.001461 5994772.000000 6063363 5904654 
4910 0.001472 6008544.000000 6068550 5885583 
4920 0.001473 6063683.000000 6126866 5926366 
4930 0.001477 6068228.000000 6152889 6000990 
4940 0.001484 6095249.000000 6219854 6025609 
4950 0.001481 6104819.000000 6253432 6015101 
4960 0.001672 6122796.000000 6266178 6017460 
4970 0.001517 6187508.000000 6295639 6074328 
4980 0.001517 6225719.000000 6314085 6142998 
4990 0.001526 6246068.000000 6313214 6135856 
5000 0.001544 6286520.000000 6403623 6151301 
5010 0.001547 6253548.000000 6332065 6203132 
5020 0.001556 6276909.000000 6399322 6058439 
5030 0.001553 6338296.000000 6453642 6237912 
5040 0.001579 6327000.000000 6418742 6219276 
5050 0.001578 6373348.000000 6431940 6294660 
5060 0.001579 6374230.000000 6490558 6282044 
5070 0.001591 6410273.000000 6484923 6354200 
5080 0.001616 6460387.000000 6556833 6374462 
5090 0.001608 6447567.000000 6523750 6352125 
5100 0.001617 6489878.000000 6564511 6424283 
5110 0.001621 6519003.000000 6592450 6437342 
5120 0.001638 6550579.000000 6672868 6461623 
5130 0.001656 6622836.000000 6717200 6488658 
5140 0.001644 6600980.000000 6731164 6497854 
5150 0.001656 6640333.000000 6774289 6517341 
5160 0.001660 6641175.000000 6764077 6538268 
5170 0.001663 6680488.000000 6752683 6574023 
5180 0.001661 6682338.000000 6743165 6620513 
5190 0.001672 6718561.000000 6765183 6687007 
5200 0.001682 6760627.000000 6834855 6707296 
5210 0.001689 6784539.000000 6926282 6688419 
5220 0.001692 6795310.000000 6899556 6707598 
5230 0.001707 6839039.000000 6953257 6755059 
5240 0.001704 6846633.000000 6943623 6743441 
5250 0.001716 6880809.000000 6939015 6753040 
5260 0.001721 6902539.000000 7012414 6777182 
5270 0.001740 6971581.000000 7067378 6840646 
5280 0.001730 6964970.000000 7080588 6888266 
5290 0.001735 6998928.000000 7121847 6895575 
5300 0.001747 7023994.000000 7122173 6921324 
5310 0.001749 7038802.000000 7167605 6907852 
5320 0.001762 7073873.000000 7156892 6942054 
5330 0.001764 7076364.000000 7178367 6957213 
5340 0.001778 7142514.000000 7205876 7100515 
5350 0.001785 7168218.000000 7318227 7018297 
5360 0.001787 7181479.000000 7266550 7102255 
5370 0.001801 7247150.000000 7408595 7155948 
5380 0.001805 7233076.000000 7312266 7142667 
5390 0.001799 7226757.000000 7374582 7106943 
5400 0.001805 7264174.000000 7340946 7173700 
5410 0.001818 7290102.000000 7373406 7217070 
5420 0.001836 7385769.000000 7496810 7281315 
5430 0.001833 7370011.000000 7469830 7252644 
5440 0.001830 7359257.000000 7453153 7235584 
5450 0.001848 7426242.000000 7545261 7335015 
5460 0.001858 7480869.000000 7637882 7366970 
5470 0.001861 7488587.000000 7607153 7317467 
5480 0.001868 7502422.000000 7584703 7347149 
5490 0.001875 7550868.000000 7670771 7424896 
5500 0.001882 7558286.000000 7693041 7489476 
5510 0.001881 7559913.000000 7662993 7472366 
5520 0.001897 7632158.000000 7743878 7519538 
5530 0.001898 7634857.000000 7764955 7509889 
5540 0.001912 7683309.000000 7890872 7562410 
5550 0.001919 7709846.000000 7788394 7604927 
5560 0.001928 7761686.000000 7809881 7699289 
5570 0.001936 7765734.000000 7900547 7639649 
5580 0.001933 7764108.000000 7934268 7598867 
5590 0.001946 7813106.000000 7873887 7737917 
5600 0.001966 7872024.000000 7942818 7821572 
5610 0.001966 7859860.000000 7944038 7793138 
5620 0.001963 7893939.000000 7967314 7795388 
5630 0.001966 7909484.000000 7985841 7831955 
5640 0.001987 7953390.000000 8008810 7892114 
5650 0.001986 7976469.000000 8100842 7895982 
5660 0.001988 8001605.000000 8106809 7891474 
5670 0.002000 8010649.000000 8116351 7898442 
5680 0.002004 8043465.000000 8130175 7910149 
5690 0.002013 8085373.000000 8220856 7934750 
5700 0.002023 8128137.000000 8246063 8023596 
5710 0.002027 8118327.000000 8239986 7973545 
5720 0.002050 8209706.000000 8270897 8139904 
5730 0.002041 8204319.000000 8330811 8094817 
5740 0.002054 8240762.000000 8377678 8164057 
5750 0.002069 8284508.000000 8423066 8173370 
5760 0.002067 8319274.000000 8404275 8256756 
5770 0.002077 8329096.000000 8426460 8242851 
5780 0.002075 8334781.000000 8415667 8261767 
5790 0.002095 8396623.000000 8479448 8198585 
5800 0.002095 8398601.000000 8501136 8280258 
5810 0.002095 8422603.000000 8513047 8298684 
5820 0.002104 8453629.000000 8578344 8317370 
5830 0.002120 8499525.000000 8591798 8389399 
5840 0.002126 8535789.000000 8600339 8451887 
5850 0.002130 8535590.000000 8704579 8415775 
5860 0.002141 8579612.000000 8738961 8437268 
5870 0.002153 8644442.000000 8796135 8468571 
5880 0.002141 8604847.000000 8774672 8438101 
5890 0.002162 8662750.000000 8857936 8515242 
5900 0.002172 8713065.000000 8801865 8640327 
5910 0.002179 8746221.000000 8904705 8657936 
5920 0.002198 8807184.000000 8897777 8672564 
5930 0.002209 8825722.000000 8953467 8692551 
5940 0.002202 8833690.000000 8922010 8758260 
5950 0.002214 8812577.000000 8911205 8691241 
5960 0.002223 8863184.000000 8991577 8775333 
5970 0.002229 8906936.000000 9003049 8688010 
5980 0.002232 8949803.000000 9084848 8879368 
5990 0.002245 8982714.000000 9066719 8900917 
6000 0.002253 9034811.000000 9165939 8947278 
6010 0.002250 9010849.000000 9160756 8838026 
6020 0.002257 9064829.000000 9208565 8958683 
6030 0.002265 9084210.000000 9281224 8959999 
6040 0.002381 9160405.000000 9279752 9062213 
6050 0.002424 9183542.000000 9254307 9100870 
6060 0.002375 9180934.000000 9284828 9094775 
6070 0.002398 9212234.000000 9405157 9031894 
6080 0.002412 9221295.000000 9350626 9086690 
6090 0.002382 9252433.000000 9385431 9061795 
6100 0.002308 9314738.000000 9373606 9255522 
6110 0.002257 9336079.000000 9447330 9242775 
6120 0.002337 9354689.000000 9599469 9233042 
6130 0.002331 9421101.000000 9597939 9359464 
6140 0.002347 9477878.000000 9588734 9333401 
6150 0.002310 9485288.000000 9590576 9375427 
6160 0.002330 9487625.000000 9603944 9407125 
6170 0.002334 9530961.000000 9635599 9400144 
6180 0.002354 9576703.000000 9750899 9426048 
6190 0.002354 9552173.000000 9742040 9408912 
6200 0.002336 9615465.000000 9762625 9460247 
6210 0.002370 9688396.000000 9918625 9619729 
6220 0.002379 9653047.000000 9785771 9583945 
6230 0.002388 9716161.000000 9782061 9644587 
6240 0.002361 9734216.000000 9905969 9582541 
6250 0.002401 9784229.000000 9904136 9635014 
6260 0.002449 9799878.000000 10039610 9698819 
6270 0.002514 9890202.000000 10025517 9744633 
6280 0.002704 9864181.000000 10006519 9751816 
6290 0.002447 9895201.000000 9993926 9800152 
6300 0.002428 9942721.000000 10063592 9857664 
6310 0.002514 9975485.000000 10127688 9840166 
6320 0.002511 9944064.000000 10064133 9842008 
6330 0.002516 10012242.000000 10138121 9857282 
6340 0.002529 10040080.000000 10214910 9899719 
6350 0.002545 10093452.000000 10273880 9845323 
6360 0.002529 10079350.000000 10200525 9967905 
6370 0.002558 10213483.000000 10467562 10071332 
6380 0.002554 10167716.000000 10335881 10050396 
6390 0.002564 10208662.000000 10375944 10124463 
6400 0.002565 10233380.000000 10334106 10125922 
6410 0.002590 10287332.000000 10370763 10129434 
6420 0.002592 10274724.000000 10427594 10121033 
6430 0.002597 10361305.000000 10536810 10185754 
6440 0.002612 10381013.000000 10495138 10218161 
6450 0.002626 10413812.000000 10635378 10256687 
6460 0.002626 10458784.000000 10570010 10245866 
6470 0.002619 10427536.000000 10551563 10303376 
6480 0.002640 10526682.000000 10660682 10409081 
6490 0.003551 10511819.000000 10637012 10355665 
6500 0.003115 10531137.000000 10669848 10407764 
6510 0.002664 10621391.000000 10743016 10500579 
6520 0.002659 10568530.000000 10696241 10435096 
6530 0.002687 10661413.000000 10751565 10547415 
6540 0.002597 10692620.000000 10784560 10562461 
6550 0.002583 10722182.000000 10759561 10617438 
6560 0.002600 10725105.000000 10827931 10580780 
6570 0.002627 10805759.000000 10870486 10771894 
6580 0.002626 10801991.000000 10955125 10690007 
6590 0.002662 10910289.000000 11019844 10791538 
6600 0.002656 10860432.000000 10967808 10695933 
6610 0.002663 10932756.000000 11052469 10660078 
6620 0.002652 10917285.000000 11038577 10731323 
6630 0.002677 10995262.000000 11172248 10789074 
6640 0.002686 11082859.000000 11211346 10916282 
6650 0.002682 11020197.000000 11127195 10900476 
6660 0.002715 11135016.000000 11241515 11037312 
6670 0.002715 11113150.000000 11289165 10937109 
6680 0.002734 11185293.000000 11349284 10992175 
6690 0.002733 11179140.000000 11456306 11044513 
6700 0.002748 11203788.000000 11292077 11084807 
6710 0.002739 11223383.000000 11374820 11156105 
6720 0.002768 11314093.000000 11401349 11197893 
6730 0.002759 11296796.000000 11470413 11157182 
6740 0.002787 11393569.000000 11516678 11276227 
6750 0.002795 11392470.000000 11604582 11224399 
6760 0.002788 11450564.000000 11593605 11248539 
6770 0.002807 11475329.000000 11564660 11405665 
6780 0.002821 11510946.000000 11700113 11379888 
6790 0.002822 11515164.000000 11690001 11274222 
6800 0.002834 11552759.000000 11657650 11392540 
6810 0.002826 11563757.000000 11708756 11351145 
6820 0.002843 11609699.000000 11775875 11501782 
6830 0.002862 11671246.000000 11828930 11445936 
6840 0.002862 11710355.000000 11824210 11508402 
6850 0.002860 11674867.000000 11819549 11557929 
6860 0.002904 11714396.000000 11829325 11612406 
6870 0.002880 11776829.000000 11949824 11630068 
6880 0.002856 11865970.000000 11984828 11625367 
6890 0.002915 11805971.000000 11874565 11622772 
6900 0.002974 11912479.000000 12079025 11756833 
6910 0.002976 11946303.000000 12115997 11726672 
6920 0.002997 12019187.000000 12146176 11832069 
6930 0.002991 12018440.000000 12135710 11870432 
6940 0.002979 11970051.000000 12076699 11750496 
6950 0.003012 12055674.000000 12170929 11951359 
6960 0.003013 12079712.000000 12261223 11958499 
6970 0.003012 12125329.000000 12260280 12043347 
6980 0.003033 12195122.000000 12299094 12107798 
6990 0.003056 12287027.000000 12397013 12101438 
7000 0.003047 12239092.000000 12335253 12114333 
7010 0.003053 12272307.000000 12450474 12153957 
7020 0.003089 12375705.000000 12519370 12239113 
7030 0.003077 12352328.000000 12467242 12175754 
7040 0.003105 12407457.000000 12506096 12239357 
7050 0.003080 12383388.000000 12523512 12260712 
7060 0.003103 12480811.000000 12577289 12355132 
7070 0.003124 12521471.000000 12611305 12397214 
7080 0.003132 12539775.000000 12664309 12424358 
7090 0.003140 12568963.000000 12735621 12424989 
7100 0.003150 12627964.000000 12770594 12466161 
7110 0.003158 12630233.000000 12790935 12388674 
7120 0.003152 12658242.000000 12808865 12556139 
7130 0.003193 12733809.000000 12900499 12643962 
7140 0.003176 12748894.000000 12874483 12590080 
7150 0.003201 12808099.000000 12964093 12628868 
7160 0.003198 12787655.000000 12930102 12645179 
7170 0.003210 12840551.000000 12985352 12687379 
7180 0.003223 12885401.000000 13062432 12664331 
7190 0.003239 12945302.000000 13147974 12770900 
7200 0.003227 12937359.000000 13126265 12704022 
7210 0.003232 12941897.000000 13249681 12769491 
7220 0.003258 13018183.000000 13186901 12885772 
7230 0.003268 13068661.000000 13176340 12871207 
7240 0.003271 13117561.000000 13191705 12976484 
7250 0.003276 13134806.000000 13355304 12972215 
7260 0.003309 13194842.000000 13421617 13029599 
7270 0.003295 13220688.000000 13347497 13088904 
7280 0.003308 13212098.000000 13310565 13130666 
7290 0.003305 13224529.000000 13456543 13006828 
7300 0.003331 13287099.000000 13403226 13181255 
7310 0.003338 13358318.000000 13493866 13146159 
7320 0.003347 13414293.000000 13567930 13243696 
7330 0.003336 13396543.000000 13488286 13315213 
7340 0.003362 13438146.000000 13606487 13316629 
7350 0.003374 13505051.000000 13647176 13321172 
7360 0.003383 13573626.000000 13746109 13448364 
7370 0.003387 13575035.000000 13668252 13431987 
7380 0.003387 13581158.000000 13764391 13403538 
7390 0.003399 13600657.000000 13725457 13477953 
7400 0.003428 13696558.000000 13820283 13429989 
7410 0.003436 13705180.000000 13878788 13526022 
7420 0.003442 13787930.000000 14079548 13609185 
7430 0.003441 13719375.000000 13888889 13516739 
7440 0.003465 13885088.000000 14030936 13754872 
7450 0.003468 13865511.000000 14048560 13623686 
7460 0.003474 13906558.000000 14053185 13765195 
7470 0.003493 13917691.000000 13986759 13812489 
7480 0.003497 13980688.000000 14308036 13779411 
7490 0.003489 13985198.000000 14110982 13798881 
7500 0.003504 14017912.000000 14112077 13949365 
7510 0.003496 14018161.000000 14137385 13846990 
7520 0.003519 14135615.000000 14229185 14043840 
7530 0.003542 14212257.000000 14391759 13974749 
7540 0.003532 14189051.000000 14401844 14094212 
7550 0.003579 14294781.000000 14530600 14083828 
7560 0.003560 14263186.000000 14395742 14137141 
7570 0.003578 14351439.000000 14524186 14222098 
7580 0.003590 14379143.000000 14560916 14179410 
7590 0.003598 14430196.000000 14550942 14250465 
7600 0.003604 14439267.000000 14589660 14329650 
7610 0.003616 14480004.000000 14640552 14359619 
7620 0.003659 14579691.000000 14896497 14376754 
7630 0.003613 14498944.000000 14597386 14378853 
7640 0.003644 14654552.000000 14830363 14517503 
7650 0.003658 14639426.000000 14844446 14481108 
7660 0.003685 14684117.000000 14844665 14512193 
7670 0.003645 14609882.000000 14831552 14447752 
7680 0.003671 14736683.000000 14916363 14561531 
7690 0.003707 14790861.000000 14946344 14705798 
7700 0.003702 14830064.000000 14995307 14683106 
7710 0.003722 14878905.000000 15058435 14761595 
7720 0.003719 14892605.000000 15018824 14749015 
7730 0.003746 14918243.000000 15095129 14658475 
7740 0.003749 15010388.000000 15226778 14851196 
7750 0.003751 15032507.000000 15182996 14916617 
7760 0.003745 15011971.000000 15131670 14928291 
7770 0.003765 15041717.000000 15195743 14877087 
7780 0.003772 15130512.000000 15446361 14765568 
7790 0.003768 15122267.000000 15197234 15030999 
7800 0.003778 15145862.000000 15367841 14981997 
7810 0.003816 15236774.000000 15397350 15067606 
7820 0.003823 15308317.000000 15465650 15143140 
7830 0.003826 15309911.000000 15418409 15234197 
7840 0.003849 15375425.000000 15588289 15177309 
7850 0.003861 15463286.000000 15615332 15285077 
7860 0.003850 15440896.000000 15635307 15265627 
7870 0.003859 15472416.000000 15664181 15292822 
7880 0.003873 15512883.000000 15678806 15332590 
7890 0.003865 15525112.000000 15651045 15392292 
7900 0.003913 15695460.000000 15895562 15469654 
7910 0.003900 15639260.000000 15867883 15376215 
7920 0.003906 15652302.000000 15878156 15390154 
7930 0.003924 15681613.000000 15986944 15505227 
7940 0.003947 15769745.000000 15898173 15649888 
7950 0.003968 15823387.000000 15929522 15647085 
7960 0.003964 15861817.000000 16047011 15667460 
7970 0.003972 15900522.000000 15994418 15726884 
7980 0.003977 15940307.000000 16189007 15722534 
7990 0.003996 15985089.000000 16261814 15707854 
8000 0.004019 16008020.000000 16232820 15807204 
8010 0.004002 16043389.000000 16234117 15847606 
8020 0.004025 16108942.000000 16304115 15948848 
8030 0.004024 16101564.000000 16224453 15921743 
8040 0.004013 16110327.000000 16325806 15837792 
8050 0.004035 16160573.000000 16332713 16065754 
8060 0.004062 16234049.000000 16350464 16074751 
8070 0.004080 16340025.000000 16561106 16165573 
8080 0.004088 16393809.000000 16638557 16227817 
8090 0.004100 16412874.000000 16552030 16275532 
8100 0.004104 16386372.000000 16634849 16251739 
8110 0.004104 16444962.000000 16612019 16328566 
8120 0.004120 16474394.000000 16671151 16321414 
8130 0.004184 16525787.000000 16620285 16339870 
8140 0.004225 16573419.000000 16659159 16373840 
8150 0.004217 16517365.000000 16728772 16371715 
8160 0.004220 16566286.000000 16730873 16282323 
8170 0.004269 16749607.000000 16886847 16565320 
8180 0.004301 16848147.000000 17108168 16651929 
8190 0.004282 16757668.000000 16893754 16572697 
8200 0.004308 16842008.000000 17076290 16665678 
8210 0.004295 16800132.000000 17063924 16647254 
8220 0.004307 16820378.000000 17031281 16711593 
8230 0.004328 16908012.000000 17162854 16671223 
8240 0.004340 16945800.000000 17118775 16778086 
8250 0.004363 17043000.000000 17279474 16856889 
8260 0.004347 16993432.000000 17140699 16766438 
8270 0.004382 17080987.000000 17207289 16986982 
8280 0.004377 17077701.000000 17298344 16815153 
8290 0.004401 17172167.000000 17326624 17042109 
8300 0.004427 17265497.000000 17549434 17090105 
8310 0.004410 17202978.000000 17399823 16938053 
8320 0.004437 17282670.000000 17428284 17115741 
8330 0.004451 17339176.000000 17570664 17194267 
8340 0.004454 17347254.000000 17598450 17196762 
8350 0.004480 17434372.000000 17689948 17243028 
8360 0.004481 17474530.000000 17650570 17304854 
8370 0.004484 17493886.000000 17695683 17326519 
8380 0.004501 17521371.000000 17669415 17304323 
8390 0.004523 17593971.000000 17788364 17473510 
8400 0.004542 17668911.000000 17781619 17560690 
8410 0.004537 17652858.000000 17809129 17532902 
8420 0.004567 17774487.000000 18111346 17515921 
8430 0.004552 17748963.000000 17924047 17474022 
8440 0.004565 17788982.000000 17912840 17617583 
8450 0.004577 17844107.000000 18185521 17643783 
8460 0.004581 17842330.000000 18002620 17654078 
8470 0.004596 17875316.000000 18063810 17731428 
8480 0.004617 17957906.000000 18261243 17775865 
8490 0.004633 18057988.000000 18301116 17859593 
8500 0.004632 18051546.000000 18250862 17852532 
8510 0.004644 18060640.000000 18222547 17804008 
8520 0.004659 18107007.000000 18280856 17773724 
8530 0.004695 18238768.000000 18402842 18034713 
8540 0.004691 18242641.000000 18483074 18060765 
8550 0.004681 18235714.000000 18402988 18073364 
8560 0.004730 18409380.000000 18671742 18267358 
8570 0.004707 18295794.000000 18576324 18037914 
8580 0.004727 18362319.000000 18602625 18084692 
8590 0.004733 18396050.000000 18535344 18226310 
8600 0.004785 18576972.000000 18864605 18409107 
8610 0.004779 18571652.000000 18779477 18293410 
8620 0.005999 18560388.000000 18834787 18385665 
8630 0.004973 18641469.000000 18826936 18506511 
8640 0.004792 18687794.000000 18905136 18546658 
8650 0.004882 18682318.000000 18856974 18539325 
8660 0.004637 18773782.000000 18982613 18655932 
8670 0.004788 18847356.000000 18982794 18759863 
8680 0.004829 18895359.000000 19079872 18667777 
8690 0.004756 18834707.000000 19005772 18538049 
8700 0.004834 18878718.000000 19161848 18633529 
8710 0.004845 18938542.000000 19175015 18682822 
8720 0.004849 18963253.000000 19136952 18722567 
8730 0.004882 19044049.000000 19365868 18750300 
8740 0.004866 19040904.000000 19226065 18894009 
8750 0.004881 19074299.000000 19271396 18888202 
8760 0.004897 19174749.000000 19426655 18970737 
8770 0.004908 19230706.000000 19476720 18929721 
8780 0.004914 19274641.000000 19642510 19044230 
8790 0.004934 19280415.000000 19614343 19054832 
8800 0.004932 19316396.000000 19491805 19140901 
8810 0.004933 19351412.000000 19504597 19223521 
8820 0.004970 19454659.000000 19577911 19342838 
8830 0.005002 19566504.000000 19846832 19389738 
8840 0.004999 19534575.000000 19801253 19322748 
8850 0.005019 19607119.000000 19878102 19483679 
8860 0.005021 19640606.000000 19811788 19418840 
8870 0.005036 19671231.000000 19846294 19428485 
8880 0.005041 19641998.000000 19899640 19488769 
8890 0.005078 19748352.000000 20021391 19569760 
8900 0.005051 19768609.000000 19869127 19577049 
8910 0.005070 19778936.000000 20048073 19513884 
8920 0.005090 19891145.000000 20036361 19637754 
8930 0.005125 19997151.000000 20209992 19766388 
8940 0.005130 20045931.000000 20197087 19849625 
8950 0.005134 20054712.000000 20256563 19860977 
8960 0.005146 20130638.000000 20241242 20000580 
8970 0.005134 20094559.000000 20302761 19832909 
8980 0.005168 20172181.000000 20335061 19955563 
8990 0.005174 20178966.000000 20363938 20065049 
9000 0.005170 20223338.000000 20393735 20094446 
9010 0.005215 20337507.000000 20533587 20079242 
9020 0.005208 20347362.000000 20628496 20009357 
9030 0.005233 20450527.000000 20617161 20209161 
9040 0.005225 20436834.000000 20732248 20049693 
9050 0.005267 20561437.000000 20743021 20341602 
9060 0.005246 20510178.000000 20643181 20372120 
9070 0.005257 20574112.000000 20793018 20438864 
9080 0.005263 20608786.000000 20825685 20351595 
9090 0.005274 20646717.000000 20867272 20440550 
9100 0.005295 20740942.000000 21016213 20453570 
9110 0.005329 20820694.000000 21020253 20566582 
9120 0.005313 20766892.000000 20957336 20573276 
9130 0.005311 20743991.000000 20953100 20460394 
9140 0.005338 20870848.000000 21142725 20740690 
9150 0.005366 20958028.000000 21226112 20740850 
9160 0.005391 21051366.000000 21297421 20865685 
9170 0.005368 20979331.000000 21524390 20771639 
9180 0.005397 21088995.000000 21360356 20806573 
9190 0.005399 21101548.000000 21349504 20868692 
9200 0.005426 21218505.000000 21339605 21124840 
9210 0.005418 21203202.000000 21469387 20983221 
9220 0.005457 21341654.000000 21666101 20978025 
9230 0.005459 21314581.000000 21491191 21138341 
9240 0.005464 21342843.000000 21612141 21150144 
9250 0.005488 21365587.000000 21578479 21117023 
9260 0.005495 21382369.000000 21668055 21149708 
9270 0.005520 21438925.000000 21620271 21276324 
9280 0.005539 21515703.000000 21836673 21179642 
9290 0.005537 21510602.000000 21820558 21351893 
9300 0.005555 21589227.000000 21892083 21443276 
9310 0.005588 21666334.000000 21838718 21476475 
9320 0.005574 21651999.000000 21824556 21448656 
9330 0.005628 21854848.000000 21986118 21711645 
9340 0.005612 21803189.000000 22002630 21565600 
9350 0.005625 21850733.000000 22155511 21709172 
9360 0.005631 21882893.000000 22163940 21773433 
9370 0.005648 21950869.000000 22113740 21689283 
9380 0.005683 22079417.000000 22470325 21735152 
9390 0.005670 22030365.000000 22273422 21748739 
9400 0.005690 22063236.000000 22263782 21922614 
9410 0.005698 22122885.000000 22505695 21816361 
9420 0.005710 22192486.000000 22516915 22045994 
9430 0.005719 22214716.000000 22464555 21898208 
9440 0.005740 22274547.000000 22549208 22028394 
9450 0.005751 22346034.000000 22636164 22008740 
9460 0.005747 22333792.000000 22488016 22180922 
9470 0.005777 22453284.000000 22829077 22259194 
9480 0.005771 22440777.000000 22743188 22280671 
9490 0.005816 22572903.000000 22808716 22279942 
9500 0.005816 22607801.000000 22941725 21966564 
9510 0.005828 22659762.000000 22926055 22288667 
9520 0.005846 22722469.000000 22947250 22428428 
9530 0.005854 22752105.000000 23089112 22598543 
9540 0.005814 22751259.000000 22943378 22610796 
9550 0.005836 22800917.000000 23083312 22473651 
9560 0.005829 22804520.000000 22948847 22656088 
9570 0.005851 22867730.000000 23135666 22653815 
9580 0.005891 23030250.000000 23184901 22880845 
9590 0.005928 23135363.000000 23339617 22985229 
9600 0.005902 22992077.000000 23145285 22798827 
9610 0.005909 23023757.000000 23221016 22707581 
9620 0.005906 23036762.000000 23234445 22688133 
9630 0.005932 23155528.000000 23570712 22823984 
9640 0.005943 23192945.000000 23448592 22980778 
9650 0.005951 23214774.000000 23381826 23041555 
9660 0.005972 23311016.000000 23492745 23134779 
9670 0.006007 23358740.000000 23549480 23209554 
9680 0.006028 23451127.000000 23560737 23281512 
9690 0.006030 23500012.000000 23619573 23297084 
9700 0.006019 23509294.000000 23873559 23169155 
9710 0.006040 23566563.000000 23826332 23408077 
9720 0.006045 23567423.000000 23828364 23298497 
9730 0.006077 23643676.000000 23885468 23348933 
9740 0.006099 23710855.000000 23938043 23571170 
9750 0.006124 23856864.000000 24141196 23540423 
9760 0.006105 23782501.000000 24028552 23580538 
9770 0.006112 23844826.000000 24137918 23590303 
9780 0.006157 23959978.000000 24204768 23640424 
9790 0.006180 24012161.000000 24269034 23838227 
9800 0.006188 24003597.000000 24199571 23738731 
9810 0.006179 24040271.000000 24293123 23722799 
9820 0.006226 24251811.000000 24437036 24049329 
9830 0.006249 24276590.000000 24522729 23987956 
9840 0.006198 24147709.000000 24414455 24016372 
9850 0.006237 24233234.000000 24490260 23919329 
9860 0.006259 24316902.000000 24494820 24043949 
9870 0.006246 24343659.000000 24694040 24094608 
9880 0.006244 24343116.000000 24556260 24010851 
9890 0.006309 24583933.000000 24798057 24346518 
9900 0.006314 24571264.000000 24922359 24286396 
9910 0.006296 24517432.000000 24788018 24264504 
9920 0.006340 24699799.000000 25133672 24496414 
9930 0.006338 24656840.000000 25004788 24251339 
9940 0.006362 24776025.000000 24967316 24676400 
9950 0.006358 24760955.000000 25064049 24374469 
9960 0.006329 24666129.000000 24953531 24365057 
9970 0.006388 24905091.000000 25232559 24678027 
9980 0.006412 25014910.000000 25217980 24906403 
9990 0.006365 24824851.000000 25060900 24710378 
10000 0.006426 25022430.000000 25225844 24842860 
